[10:52:46] [main/INFO] (FabricLoader/GameProvider) Loading Minecraft 1.18.2 with Fabric Loader 0.13.3
[10:52:46] [main/INFO] (FabricLoader) Loading 60 mods:
	- architectury 4.1.39
	- cloth-basic-math 0.6.0 via cloth-config
	- cloth-config 6.2.57
	- cm 1.0-SNAPSHOT
	- dark-loading-screen 1.6.11
	- fabric 0.51.1+1.18.2
	- fabric-api-base 0.4.4+d7c144a860
	- fabric-api-lookup-api-v1 1.6.0+2373a54560
	- fabric-biome-api-v1 8.0.4+7b0f312660
	- fabric-blockrenderlayer-v1 1.1.12+3ac43d9560
	- fabric-command-api-v1 1.1.9+d7c144a860
	- fabric-commands-v0 0.2.8+b4f4f6cd60
	- fabric-containers-v0 0.1.21+d7c144a860
	- fabric-content-registries-v0 3.0.3+d82b939260
	- fabric-convention-tags-v1 1.0.1+474e4f7960
	- fabric-crash-report-info-v1 0.1.11+3ac43d9560
	- fabric-data-generation-api-v1 2.0.9+e19de87d60
	- fabric-dimensions-v1 2.1.17+2540745460
	- fabric-entity-events-v1 1.4.8+d7c144a860
	- fabric-events-interaction-v0 0.4.19+d7c144a860
	- fabric-events-lifecycle-v0 0.2.14+d7c144a860
	- fabric-game-rule-api-v1 1.0.13+d7c144a860
	- fabric-gametest-api-v1 1.0.16+91b7aa6660
	- fabric-item-api-v1 1.4.0+4457765560
	- fabric-item-groups-v0 0.3.11+91896a4960
	- fabric-key-binding-api-v1 1.0.12+54e5b2ec60
	- fabric-keybindings-v0 0.2.10+b4f4f6cd60
	- fabric-lifecycle-events-v1 2.0.3+2d83e92c60
	- fabric-loot-tables-v1 1.0.11+d7c144a860
	- fabric-mining-level-api-v1 2.1.0+81ea5b3c60
	- fabric-models-v0 0.3.6+d7c144a860
	- fabric-networking-api-v1 1.0.21+d882b91560
	- fabric-networking-v0 0.3.8+b4f4f6cd60
	- fabric-object-builder-api-v1 2.1.0+fe4ddef060
	- fabric-particles-v1 0.2.12+526dc1ac60
	- fabric-registry-sync-v0 0.9.8+0d9ab37260
	- fabric-renderer-api-v1 0.4.13+d882b91560
	- fabric-renderer-indigo 0.5.0+7faf0d8860
	- fabric-renderer-registries-v1 3.2.11+b4f4f6cd60
	- fabric-rendering-data-attachment-v1 0.3.7+d7c144a860
	- fabric-rendering-fluids-v1 2.0.2+54e5b2ec60
	- fabric-rendering-v0 1.1.13+b4f4f6cd60
	- fabric-rendering-v1 1.10.7+54e5b2ec60
	- fabric-resource-conditions-api-v1 2.0.3+91b7aa6660
	- fabric-resource-loader-v0 0.4.18+2de5574560
	- fabric-screen-api-v1 1.0.10+d882b91560
	- fabric-screen-handler-api-v1 1.2.0+1f6558e860
	- fabric-textures-v0 1.0.12+3ac43d9560
	- fabric-transfer-api-v1 1.6.0+2373a54560
	- fabric-transitive-access-wideners-v1 1.0.0+bd8a4a1860
	- fabricloader 0.13.3
	- geckolib3 3.0.40
	- iris 1.2.4-build.38
	- java 17
	- minecraft 1.18.2
	- modmenu 3.2.1
	- org_anarres_jcpp 1.4.14 via iris
	- org_joml_joml 1.10.2 via sodium
	- roughlyenoughitems 8.0.442
	- sodium 0.4.1+build.15
[10:52:50] [main/INFO] (FabricLoader/Mixin) SpongePowered MIXIN Subsystem Version=0.8.5 Source=file:/C:/Users/stein/.gradle/caches/modules-2/files-2.1/net.fabricmc/sponge-mixin/0.11.2+mixin.0.8.5/f4ae569d559b5e3244b67321945261d83ff7ad8e/sponge-mixin-0.11.2+mixin.0.8.5.jar Service=Knot/Fabric Env=CLIENT
[10:52:51] [main/INFO] (FabricLoader/Mixin) Loaded Fabric development mappings for mixin remapper!
[10:52:51] [main/INFO] (FabricLoader/Mixin) Compatibility level set to JAVA_16
[10:52:51] [main/INFO] (FabricLoader/Mixin) Compatibility level set to JAVA_17
[10:52:51] [main/INFO] (Sodium) Loaded configuration file for Sodium: 29 options available, 1 override(s) found
[10:52:51] [main/WARN] (Sodium) Force-disabling mixin 'features.sky.MixinWorldRenderer' as rule 'mixin.features.sky' (added by mods [iris]) disables it and children
[10:52:51] [main/INFO] (Sodium) Trying to switch memory allocators to work around memory leaks present with Jemalloc 5.0.0 through 5.2.0 on Windows
[10:52:56] [Render thread/WARN] (FabricLoader/Mixin) Method overwrite conflict for quad in sodium.mixins.json:features.buffer_builder.intrinsics.MixinBufferBuilder, previously written by net.coderbot.iris.mixin.vertices.block_rendering.MixinBufferBuilder_SeparateAo. Skipping method.
[10:52:56] [Render thread/INFO] (Minecraft) Environment: authHost='https://authserver.mojang.com', accountsHost='https://api.mojang.com', sessionHost='https://sessionserver.mojang.com', servicesHost='https://api.minecraftservices.com', name='PROD'
[10:52:57] [Render thread/ERROR] (Minecraft) Failed to verify authentication
com.mojang.authlib.exceptions.InvalidCredentialsException: Status: 401
	at com.mojang.authlib.exceptions.MinecraftClientHttpException.toAuthenticationException(MinecraftClientHttpException.java:56) ~[authlib-3.3.39.jar:?]
	at com.mojang.authlib.yggdrasil.YggdrasilUserApiService.fetchProperties(YggdrasilUserApiService.java:132) ~[authlib-3.3.39.jar:?]
	at com.mojang.authlib.yggdrasil.YggdrasilUserApiService.<init>(YggdrasilUserApiService.java:44) ~[authlib-3.3.39.jar:?]
	at com.mojang.authlib.yggdrasil.YggdrasilAuthenticationService.createUserApiService(YggdrasilAuthenticationService.java:153) ~[authlib-3.3.39.jar:?]
	at net.minecraft.client.MinecraftClient.createUserApiService(MinecraftClient.java:680) [minecraft-project-@-merged-named.jar:?]
	at net.minecraft.client.MinecraftClient.<init>(MinecraftClient.java:424) [minecraft-project-@-merged-named.jar:?]
	at net.minecraft.client.main.Main.main(Main.java:197) [minecraft-project-@-merged-named.jar:?]
	at jdk.internal.reflect.NativeMethodAccessorImpl.invoke0(Native Method) ~[?:?]
	at jdk.internal.reflect.NativeMethodAccessorImpl.invoke(NativeMethodAccessorImpl.java:77) ~[?:?]
	at jdk.internal.reflect.DelegatingMethodAccessorImpl.invoke(DelegatingMethodAccessorImpl.java:43) ~[?:?]
	at java.lang.reflect.Method.invoke(Method.java:568) ~[?:?]
	at net.fabricmc.loader.impl.game.minecraft.MinecraftGameProvider.launch(MinecraftGameProvider.java:416) [fabric-loader-0.13.3.jar:?]
	at net.fabricmc.loader.impl.launch.knot.Knot.launch(Knot.java:77) [fabric-loader-0.13.3.jar:?]
	at net.fabricmc.loader.impl.launch.knot.KnotClient.main(KnotClient.java:23) [fabric-loader-0.13.3.jar:?]
	at net.fabricmc.devlaunchinjector.Main.main(Main.java:86) [dev-launch-injector-0.2.1+build.8.jar:?]
Caused by: com.mojang.authlib.exceptions.MinecraftClientHttpException: Status: 401
	at com.mojang.authlib.minecraft.client.MinecraftClient.readInputStream(MinecraftClient.java:78) ~[authlib-3.3.39.jar:?]
	at com.mojang.authlib.minecraft.client.MinecraftClient.get(MinecraftClient.java:48) ~[authlib-3.3.39.jar:?]
	at com.mojang.authlib.yggdrasil.YggdrasilUserApiService.fetchProperties(YggdrasilUserApiService.java:113) ~[authlib-3.3.39.jar:?]
	... 13 more
[10:52:57] [Render thread/INFO] (Minecraft) Setting user: Player904
[10:52:57] [Render thread/INFO] (REI) Config loaded.
[10:52:57] [Render thread/INFO] (REI) Registered plugin provider DefaultPlugin [roughlyenoughitems] for REIPlugin
[10:52:57] [Render thread/INFO] (REI) Registered plugin provider DefaultRuntimePlugin [roughlyenoughitems] for REIPlugin
[10:52:57] [Render thread/INFO] (REI) Registered plugin provider DefaultClientPlugin [roughlyenoughitems] for REIPlugin
[10:52:57] [Render thread/INFO] (REI) Registered plugin provider DefaultClientRuntimePlugin [roughlyenoughitems] for REIPlugin
[10:52:57] [Render thread/INFO] (REI) Registered plugin provider DefaultPlugin [roughlyenoughitems] for REIServerPlugin
[10:52:57] [Render thread/INFO] (REI) Registered plugin provider DefaultRuntimePlugin [roughlyenoughitems] for REIServerPlugin
[10:52:57] [Render thread/INFO] (REI) Registered plugin provider FabricFluidAPISupportPlugin for REIServerPlugin
[10:52:57] [Render thread/INFO] (REI) Registered plugin provider FabricFluidAPISupportPlugin for REIPlugin
[10:52:58] [Render thread/ERROR] (Minecraft) No data fixer registered for geoexampleentity
[10:52:58] [Render thread/ERROR] (Minecraft) No data fixer registered for bikeentity
[10:52:58] [Render thread/ERROR] (Minecraft) No data fixer registered for extendedrendererentity
[10:52:58] [Render thread/ERROR] (Minecraft) No data fixer registered for leentity
[10:52:58] [Render thread/ERROR] (Minecraft) No data fixer registered for rocketprojectile
[10:52:58] [Render thread/INFO] (Indigo) [Indigo] Different rendering plugin detected; not applying Indigo.
[10:52:58] [Render thread/INFO] (REI) Registered plugin provider DefaultClientPlugin [roughlyenoughitems] for REIClientPlugin
[10:52:58] [Render thread/INFO] (REI) Registered plugin provider DefaultClientRuntimePlugin [roughlyenoughitems] for REIClientPlugin
[10:52:58] [Render thread/INFO] (Minecraft) Backend library: LWJGL version 3.2.2 build 10
[10:53:01] [Render thread/INFO] (Iris) Debug functionality is disabled.
[10:53:01] [Render thread/INFO] (DefaultPreprocessorListener) null:1:1: error: Unknown preprocessor directive Profiles
[10:53:01] [Render thread/INFO] (DefaultPreprocessorListener) null:10:1: error: Unknown preprocessor directive Screen
[10:53:01] [Render thread/INFO] (DefaultPreprocessorListener) null:81:1: error: Unknown preprocessor directive Set
[10:53:01] [Render thread/INFO] (DefaultPreprocessorListener) null:84:1: error: Unknown preprocessor directive Force
[10:53:01] [Render thread/INFO] (DefaultPreprocessorListener) null:93:1: error: Unknown preprocessor directive Disable
[10:53:01] [Render thread/INFO] (DefaultPreprocessorListener) null:94:1: error: Preprocessor directive not a word #
[10:53:01] [Render thread/INFO] (DefaultPreprocessorListener) null:96:1: error: Unknown preprocessor directive Program
[10:53:01] [Render thread/INFO] (DefaultPreprocessorListener) null:103:1: error: Unknown preprocessor directive Alpha
[10:53:01] [Render thread/INFO] (DefaultPreprocessorListener) null:112:1: error: Unknown preprocessor directive Misc
[10:53:01] [Render thread/INFO] (DefaultPreprocessorListener) null:122:1: error: Unknown preprocessor directive Custom
[10:53:01] [Render thread/INFO] (DefaultPreprocessorListener) null:130:1: error: Unknown preprocessor directive Custom
[10:53:01] [Render thread/INFO] (Iris) Profile: POTATO (+1 option changed by user)
[10:53:02] [Render thread/INFO] (DefaultPreprocessorListener) null:3:1: error: Preprocessor directive not a word 1.13
[10:53:02] [Render thread/INFO] (DefaultPreprocessorListener) null:31:6: warning: No newline before end of file
[10:53:02] [Render thread/INFO] (DefaultPreprocessorListener) null:3:1: error: Preprocessor directive not a word 1.13
[10:53:02] [Render thread/INFO] (DefaultPreprocessorListener) null:29:6: warning: No newline before end of file
[10:53:02] [Render thread/INFO] (DefaultPreprocessorListener) null:1:1: error: Preprocessor directive not a word --
[10:53:02] [Render thread/INFO] (DefaultPreprocessorListener) null:2:2: error: Unknown preprocessor directive Useful
[10:53:02] [Render thread/INFO] (DefaultPreprocessorListener) null:3:2: error: Preprocessor directive not a word 12345
[10:53:02] [Render thread/INFO] (DefaultPreprocessorListener) null:4:2: error: Preprocessor directive not a word 888
[10:53:02] [Render thread/INFO] (DefaultPreprocessorListener) null:5:2: error: Preprocessor directive not a word 889
[10:53:02] [Render thread/INFO] (DefaultPreprocessorListener) null:6:2: error: Preprocessor directive not a word 300
[10:53:02] [Render thread/INFO] (DefaultPreprocessorListener) null:7:1: error: Preprocessor directive not a word --
[10:53:02] [Render thread/INFO] (DefaultPreprocessorListener) null:10:1: error: Preprocessor directive not a word 1.13
[10:53:03] [Render thread/INFO] (DefaultPreprocessorListener) null:168:1: error: Preprocessor directive not a word 1.12
[10:53:03] [Render thread/INFO] (DefaultPreprocessorListener) null:275:6: warning: No newline before end of file
[10:53:03] [Render thread/INFO] (Iris) Using shaderpack: ComplementaryShaders_v4.3.2.zip
[10:53:03] [Render thread/INFO] (Iris) Hardware information:
[10:53:03] [Render thread/INFO] (Iris) CPU: 12x AMD Ryzen 5 3600 6-Core Processor 
[10:53:03] [Render thread/INFO] (Iris) GPU: NVIDIA GeForce RTX 2070 SUPER/PCIe/SSE2 (Supports OpenGL 3.2.0 NVIDIA 512.77)
[10:53:03] [Render thread/INFO] (Iris) OS: Windows 11 (10.0)
[10:53:04] [Render thread/WARN] (FabricLoader/Mixin) Method overwrite conflict for getNativeMemoryUsage in sodium.mixins.json:features.debug.MixinDebugHud, previously written by net.coderbot.iris.mixin.MixinDebugScreenOverlay. Skipping method.
[10:53:04] [Render thread/INFO] (Minecraft) Narrator library for x64 successfully loaded
[10:53:04] [Render thread/INFO] (Minecraft) Reloading ResourceManager: Default, Fabric Mods (Fabric Commands (v0), Fabric Particles (v1), Fabric Resource Loader (v0), Fabric Events Lifecycle (v0), Fabric Convention Tags, Iris, Fabric Events Interaction (v0), Fabric Rendering Data Attachment (v1), Fabric Entity Events (v1), Mod Menu, Fabric Transitive Access Wideners (v1), Fabric Rendering (v1), Fabric Data Generation API (v1), Fabric Game Rule API (v1), Fabric Game Test API (v1), Fabric Crash Report Info (v1), Fabric Renderer Registries (v1), Fabric Key Bindings (v0), Fabric Rendering Fluids (v1), Sodium, Fabric Item API (v1), Fabric Models (v0), Fabric Networking API (v1), Fabric Loot Tables (v1), Fabric API, Fabric Object Builder API (v1), Fabric Renderer - Indigo, Fabric API Lookup API (v1), Fabric Networking (v0), Fabric Textures (v0), Fabric Loader, Fabric Item Groups (v0), Roughly Enough Items, Custom-Mobs, Fabric Resource Conditions API (v1), Fabric Rendering (v0), Fabric Renderer API (v1), Fabric Content Registries (v0), Fabric Biome API (v1), Fabric Lifecycle Events (v1), Fabric Screen Handler API (v1), Fabric Command API (v1), Fabric BlockRenderLayer Registration (v1), Dark Loading Screen, Fabric Registry Sync (v0), Geckolib, Fabric Screen API (v1), Fabric Key Binding API (v1), Fabric Containers (v0), Fabric Transfer API (v1), Fabric Dimensions API (v1), Cloth Config v6, Fabric API Base, Fabric Mining Level API (v1))
[10:53:05] [Realms Notification Availability checker #1/INFO] (Minecraft) Could not authorize you against Realms server: Invalid session id
[10:53:06] [Worker-Main-14/WARN] (Minecraft) Unable to load model: 'geckolib3:botariumblock#inventory' referenced from: geckolib3:botariumblock#inventory: java.io.FileNotFoundException: geckolib3:models/item/botariumblock.json
[10:53:06] [Worker-Main-14/WARN] (Minecraft) Unable to load model: 'geckolib3:fertilizerblock#inventory' referenced from: geckolib3:fertilizerblock#inventory: java.io.FileNotFoundException: geckolib3:models/item/fertilizerblock.json
[10:53:07] [Render thread/INFO] (Minecraft) OpenAL initialized on device OpenAL Soft on Headphones (High Definition Audio Device)
[10:53:07] [Render thread/INFO] (Minecraft) Sound engine started
[10:53:07] [Render thread/INFO] (Minecraft) Created: 1024x1024x0 minecraft:textures/atlas/blocks.png-atlas
[10:53:07] [Render thread/INFO] (Minecraft) Created: 256x128x0 minecraft:textures/atlas/signs.png-atlas
[10:53:07] [Render thread/INFO] (Minecraft) Created: 1024x512x0 minecraft:textures/atlas/banner_patterns.png-atlas
[10:53:07] [Render thread/INFO] (Minecraft) Created: 1024x512x0 minecraft:textures/atlas/shield_patterns.png-atlas
[10:53:07] [Render thread/INFO] (Minecraft) Created: 256x256x0 minecraft:textures/atlas/chest.png-atlas
[10:53:07] [Render thread/INFO] (Minecraft) Created: 512x256x0 minecraft:textures/atlas/beds.png-atlas
[10:53:07] [Render thread/INFO] (Minecraft) Created: 512x256x0 minecraft:textures/atlas/shulker_boxes.png-atlas
[10:53:08] [Render thread/INFO] (Minecraft) Created: 256x256x0 minecraft:textures/atlas/particles.png-atlas
[10:53:08] [Render thread/INFO] (Minecraft) Created: 256x256x0 minecraft:textures/atlas/paintings.png-atlas
[10:53:08] [Render thread/INFO] (Minecraft) Created: 256x128x0 minecraft:textures/atlas/mob_effects.png-atlas
[10:53:16] [Render thread/WARN] (Minecraft) Ambiguity between arguments [teleport, location] and [teleport, destination] with inputs: [0.1 -0.5 .9, 0 0 0]
[10:53:16] [Render thread/WARN] (Minecraft) Ambiguity between arguments [teleport, location] and [teleport, targets] with inputs: [0.1 -0.5 .9, 0 0 0]
[10:53:16] [Render thread/WARN] (Minecraft) Ambiguity between arguments [teleport, destination] and [teleport, targets] with inputs: [Player, 0123, @e, dd12be42-52a9-4a91-a8a1-11c01849e498]
[10:53:16] [Render thread/WARN] (Minecraft) Ambiguity between arguments [teleport, targets] and [teleport, destination] with inputs: [Player, 0123, dd12be42-52a9-4a91-a8a1-11c01849e498]
[10:53:16] [Render thread/WARN] (Minecraft) Ambiguity between arguments [teleport, targets, location] and [teleport, targets, destination] with inputs: [0.1 -0.5 .9, 0 0 0]
[10:53:16] [Render thread/INFO] (Minecraft) Loaded 7 recipes
[10:53:17] [Render thread/INFO] (Minecraft) Loaded 1141 advancements
[10:53:17] [Render thread/INFO] (Minecraft) Environment: authHost='https://authserver.mojang.com', accountsHost='https://api.mojang.com', sessionHost='https://sessionserver.mojang.com', servicesHost='https://api.minecraftservices.com', name='PROD'
[10:53:17] [Render thread/INFO] (BiomeModificationImpl) Applied 0 biome modifications to 0 of 61 new biomes in 1.752 ms
[10:53:17] [Server thread/INFO] (Minecraft) Starting integrated minecraft server version 1.18.2
[10:53:17] [Server thread/INFO] (Minecraft) Generating keypair
[10:53:17] [Server thread/INFO] (Minecraft) Preparing start region for dimension minecraft:overworld
[10:53:18] [Render thread/INFO] (Minecraft) Preparing spawn area: 0%
[10:53:18] [Render thread/INFO] (Minecraft) Preparing spawn area: 0%
[10:53:18] [Render thread/INFO] (Minecraft) Preparing spawn area: 0%
[10:53:19] [Render thread/INFO] (Minecraft) Preparing spawn area: 1%
[10:53:19] [Render thread/INFO] (Minecraft) Preparing spawn area: 6%
[10:53:20] [Render thread/INFO] (Minecraft) Preparing spawn area: 34%
[10:53:20] [Render thread/INFO] (Minecraft) Time elapsed: 3021 ms
[10:53:20] [Server thread/INFO] (Minecraft) Changing view distance to 12, from 10
[10:53:20] [Server thread/INFO] (Minecraft) Changing simulation distance to 12, from 0
[10:53:21] [Server thread/INFO] (Minecraft) Player904[local:E:f30738a5] logged in with entity id 198 at (9.776018061697853, 102.0, -108.18213945995322)
[10:53:21] [Server thread/INFO] (Minecraft) Player904 joined the game
[10:53:21] [REI-ReloadPlugins/INFO] (REI) Reloading Plugin Manager [REIPlugin] stage [START], registered 5 plugins: DefaultRuntimePlugin [roughlyenoughitems], DefaultClientRuntimePlugin [roughlyenoughitems], FabricFluidAPISupportPlugin, DefaultPlugin [roughlyenoughitems], DefaultClientPlugin [roughlyenoughitems]
[10:53:21] [Render thread/INFO] (Iris) Reloading pipeline on dimension change: null => OVERWORLD
[10:53:21] [Render thread/INFO] (Iris) Creating pipeline for dimension OVERWORLD
[10:53:21] [REI-ReloadPlugins/INFO] (REI) Reloaded Plugin Manager [REIPlugin] with 2 entry types, 5 item comparators, 0 fluid comparators and 2 fluid support providers in 33ms.
[10:53:21] [REI-ReloadPlugins/INFO] (REI) Reloading Plugin Manager [REIClientPlugin] stage [START], registered 2 plugins: DefaultClientRuntimePlugin [roughlyenoughitems], DefaultClientPlugin [roughlyenoughitems]
[10:53:21] [REI-ReloadPlugins/INFO] (REI) Reloaded Plugin Manager [REIClientPlugin] with 1380 entries, 0 displays, 0 display visibility predicates, 0 categories (), 4 exclusion zones and 3 overlay deciders in 57ms.
[10:53:21] [REI-ReloadPlugins/INFO] (REI) Reloading Plugin Manager [REIServerPlugin] stage [START], registered 3 plugins: DefaultRuntimePlugin [roughlyenoughitems], FabricFluidAPISupportPlugin, DefaultPlugin [roughlyenoughitems]
[10:53:21] [REI-ReloadPlugins/INFO] (REI) Reloaded Plugin Manager [REIServerPlugin] with 0 menu infos in 2ms.
[10:53:21] [Render thread/WARN] (Iris) [Triforce Patcher] gl_FragColor is not supported yet, please use gl_FragData! Assuming that the shaderpack author intended to use gl_FragData[0]...
[10:53:21] [Render thread/WARN] (FabricLoader/Mixin) Error loading class: net/minecraft/world/level/material/FluidState (java.lang.ClassNotFoundException: net/minecraft/world/level/material/FluidState)
[10:53:21] [Render thread/INFO] (ChunkBuilder) Started 6 worker threads
[10:53:21] [Render thread/WARN] (REI) Suppressing Reload Plugins of stage START
[10:53:22] [REI-ReloadPlugins/INFO] (REI) Reloading Plugin Manager [REIPlugin] stage [END], registered 5 plugins: DefaultRuntimePlugin [roughlyenoughitems], DefaultClientRuntimePlugin [roughlyenoughitems], FabricFluidAPISupportPlugin, DefaultPlugin [roughlyenoughitems], DefaultClientPlugin [roughlyenoughitems]
[10:53:22] [REI-ReloadPlugins/INFO] (REI) Reloaded Plugin Manager [REIPlugin] with 2 entry types, 5 item comparators, 0 fluid comparators and 2 fluid support providers in 23ms.
[10:53:22] [REI-ReloadPlugins/INFO] (REI) Reloading Plugin Manager [REIClientPlugin] stage [END], registered 2 plugins: DefaultClientRuntimePlugin [roughlyenoughitems], DefaultClientPlugin [roughlyenoughitems]
[10:53:22] [REI-ReloadPlugins/INFO] (REI) Reloaded Plugin Manager [REIClientPlugin] with 1380 entries, 1597 displays, 1 display visibility predicates, 21 categories (Crafting, Smelting, Smoking, Blasting, Campfire, Stone Cutting, Fuel, Brewing, Composting, Stripping, Smithing, Anvil, Beacon Base, Beacon Payment, Tilling, Pathing, Waxing, Wax Scraping, Oxidizing, Oxidation Scraping, Information), 4 exclusion zones and 3 overlay deciders in 87ms.
[10:53:22] [REI-ReloadPlugins/INFO] (REI) Reloading Plugin Manager [REIServerPlugin] stage [END], registered 3 plugins: DefaultRuntimePlugin [roughlyenoughitems], FabricFluidAPISupportPlugin, DefaultPlugin [roughlyenoughitems]
[10:53:22] [REI-ReloadPlugins/INFO] (REI) Reloaded Plugin Manager [REIServerPlugin] with 4 menu infos in 6ms.
[10:53:22] [Render thread/INFO] (Minecraft) Loaded 10 advancements
[10:53:22] [Render thread/INFO] (REI) Refreshing cached entry list texture...
[10:53:22] [Render thread/INFO] (REI) Refreshing cached entry list texture...
[10:53:40] [Server thread/INFO] (Minecraft) Saving and pausing game...
[10:53:40] [Server thread/INFO] (Minecraft) Saving chunks for level 'ServerLevel[New World]'/minecraft:overworld
[10:53:40] [Server thread/INFO] (Minecraft) Saving chunks for level 'ServerLevel[New World]'/minecraft:the_nether
[10:53:40] [Server thread/INFO] (Minecraft) Saving chunks for level 'ServerLevel[New World]'/minecraft:the_end
[10:53:41] [Render thread/WARN] (Mod Menu | FabricMod) Warning! Mod cloth-basic-math has a broken icon, loading default icon
[10:53:45] [Server thread/INFO] (Minecraft) Saving and pausing game...
[10:53:45] [Server thread/INFO] (Minecraft) Saving chunks for level 'ServerLevel[New World]'/minecraft:overworld
[10:53:45] [Server thread/INFO] (Minecraft) Saving chunks for level 'ServerLevel[New World]'/minecraft:the_nether
[10:53:45] [Server thread/INFO] (Minecraft) Saving chunks for level 'ServerLevel[New World]'/minecraft:the_end
[10:53:45] [Server thread/INFO] (Minecraft) Player904 lost connection: Disconnected
[10:53:45] [Server thread/INFO] (Minecraft) Player904 left the game
[10:53:45] [Server thread/INFO] (Minecraft) Stopping singleplayer server as player logged out
[10:53:45] [Server thread/INFO] (Minecraft) Stopping server
[10:53:45] [Server thread/INFO] (Minecraft) Saving players
[10:53:45] [Server thread/INFO] (Minecraft) Saving worlds
[10:53:46] [Server thread/INFO] (Minecraft) Saving chunks for level 'ServerLevel[New World]'/minecraft:overworld
[10:53:46] [Server thread/INFO] (Minecraft) Saving chunks for level 'ServerLevel[New World]'/minecraft:the_nether
[10:53:46] [Server thread/INFO] (Minecraft) Saving chunks for level 'ServerLevel[New World]'/minecraft:the_end
[10:53:46] [Server thread/INFO] (Minecraft) ThreadedAnvilChunkStorage (New World): All chunks are saved
[10:53:46] [Server thread/INFO] (Minecraft) ThreadedAnvilChunkStorage (DIM-1): All chunks are saved
[10:53:46] [Server thread/INFO] (Minecraft) ThreadedAnvilChunkStorage (DIM1): All chunks are saved
[10:53:46] [Server thread/INFO] (Minecraft) ThreadedAnvilChunkStorage: All dimensions are saved
[10:53:46] [Render thread/INFO] (ChunkBuilder) Stopping worker threads
[10:53:47] [Render thread/INFO] (Minecraft) Stopping!
