[10:52:57] [Render thread/INFO] Config loaded.
[10:52:57] [Render thread/INFO] Registered plugin provider DefaultPlugin [roughlyenoughitems] for REIPlugin
[10:52:57] [Render thread/INFO] Registered plugin provider DefaultRuntimePlugin [roughlyenoughitems] for REIPlugin
[10:52:57] [Render thread/INFO] Registered plugin provider DefaultClientPlugin [roughlyenoughitems] for REIPlugin
[10:52:57] [Render thread/INFO] Registered plugin provider DefaultClientRuntimePlugin [roughlyenoughitems] for REIPlugin
[10:52:57] [Render thread/INFO] Registered plugin provider DefaultPlugin [roughlyenoughitems] for REIServerPlugin
[10:52:57] [Render thread/INFO] Registered plugin provider DefaultRuntimePlugin [roughlyenoughitems] for REIServerPlugin
[10:52:57] [Render thread/INFO] Registered plugin provider FabricFluidAPISupportPlugin for REIServerPlugin
[10:52:57] [Render thread/INFO] Registered plugin provider FabricFluidAPISupportPlugin for REIPlugin
[10:52:58] [Render thread/INFO] Registered plugin provider DefaultClientPlugin [roughlyenoughitems] for REIClientPlugin
[10:52:58] [Render thread/INFO] Registered plugin provider DefaultClientRuntimePlugin [roughlyenoughitems] for REIClientPlugin
[10:53:21] [REI-ReloadPlugins/DEBUG] [START] Reloading Section: "pre-register/"
[10:53:21] [REI-ReloadPlugins/DEBUG] [START] Reloading Section: "pre-register/DefaultClientPlugin [roughlyenoughitems]/"
[10:53:21] [REI-ReloadPlugins/DEBUG] [START] Reloading Section: "pre-register/DefaultClientPlugin [roughlyenoughitems]/" done in 454.1 μs
[10:53:21] [REI-ReloadPlugins/DEBUG] [START] Reloading Section: "pre-register/DefaultPlugin [roughlyenoughitems]/"
[10:53:21] [REI-ReloadPlugins/DEBUG] [START] Reloading Section: "pre-register/DefaultPlugin [roughlyenoughitems]/" done in 19.70 μs
[10:53:21] [REI-ReloadPlugins/DEBUG] [START] Reloading Section: "pre-register/FabricFluidAPISupportPlugin/"
[10:53:21] [REI-ReloadPlugins/DEBUG] [START] Reloading Section: "pre-register/FabricFluidAPISupportPlugin/" done in 8.400 μs
[10:53:21] [REI-ReloadPlugins/DEBUG] [START] Reloading Section: "pre-register/DefaultClientRuntimePlugin [roughlyenoughitems]/"
[10:53:21] [REI-ReloadPlugins/DEBUG] [START] Reloading Section: "pre-register/DefaultClientRuntimePlugin [roughlyenoughitems]/" done in 7.400 μs
[10:53:21] [REI-ReloadPlugins/DEBUG] [START] Reloading Section: "pre-register/DefaultRuntimePlugin [roughlyenoughitems]/"
[10:53:21] [REI-ReloadPlugins/DEBUG] [START] Reloading Section: "pre-register/DefaultRuntimePlugin [roughlyenoughitems]/" done in 6.800 μs
[10:53:21] [REI-ReloadPlugins/DEBUG] [START] Reloading Section: "pre-register/" done in 15.31 ms
[10:53:21] [REI-ReloadPlugins/DEBUG] [START] Reloading Section: "pre-register/"
[10:53:21] [REI-ReloadPlugins/DEBUG] [START] Reloading Section: "pre-register/DefaultClientPlugin [roughlyenoughitems]/"
[10:53:21] [REI-ReloadPlugins/DEBUG] [START] Reloading Section: "pre-register/DefaultClientPlugin [roughlyenoughitems]/" done in 12.40 μs
[10:53:21] [REI-ReloadPlugins/DEBUG] [START] Reloading Section: "pre-register/DefaultClientRuntimePlugin [roughlyenoughitems]/"
[10:53:21] [REI-ReloadPlugins/DEBUG] [START] Reloading Section: "pre-register/DefaultClientRuntimePlugin [roughlyenoughitems]/" done in 6.200 μs
[10:53:21] [REI-ReloadPlugins/DEBUG] [START] Reloading Section: "pre-register/" done in 667.8 μs
[10:53:21] [REI-ReloadPlugins/DEBUG] [START] Reloading Section: "pre-register/"
[10:53:21] [REI-ReloadPlugins/DEBUG] [START] Reloading Section: "pre-register/DefaultPlugin [roughlyenoughitems]/"
[10:53:21] [REI-ReloadPlugins/DEBUG] [START] Reloading Section: "pre-register/DefaultPlugin [roughlyenoughitems]/" done in 7.900 μs
[10:53:21] [REI-ReloadPlugins/DEBUG] [START] Reloading Section: "pre-register/FabricFluidAPISupportPlugin/"
[10:53:21] [REI-ReloadPlugins/DEBUG] [START] Reloading Section: "pre-register/FabricFluidAPISupportPlugin/" done in 9.900 μs
[10:53:21] [REI-ReloadPlugins/DEBUG] [START] Reloading Section: "pre-register/DefaultRuntimePlugin [roughlyenoughitems]/"
[10:53:21] [REI-ReloadPlugins/DEBUG] [START] Reloading Section: "pre-register/DefaultRuntimePlugin [roughlyenoughitems]/" done in 6.700 μs
[10:53:21] [REI-ReloadPlugins/DEBUG] [START] Reloading Section: "pre-register/" done in 852.3 μs
[10:53:21] [REI-ReloadPlugins/DEBUG] [START] Reloading Section: "start-reload/"
[10:53:21] [REI-ReloadPlugins/DEBUG] [START] Reloading Section: "start-reload/EntryTypeRegistryImpl/"
[10:53:21] [REI-ReloadPlugins/DEBUG] [START] Reloading Section: "start-reload/EntryTypeRegistryImpl/" done in 1.474 ms
[10:53:21] [REI-ReloadPlugins/DEBUG] [START] Reloading Section: "start-reload/EntrySettingsAdapterRegistryImpl/"
[10:53:21] [REI-ReloadPlugins/DEBUG] [START] Reloading Section: "start-reload/EntrySettingsAdapterRegistryImpl/" done in 9.500 μs
[10:53:21] [REI-ReloadPlugins/DEBUG] [START] Reloading Section: "start-reload/RecipeManagerContextImpl/"
[10:53:21] [REI-ReloadPlugins/DEBUG] [START] Reloading Section: "start-reload/RecipeManagerContextImpl/" done in 7.500 μs
[10:53:21] [REI-ReloadPlugins/DEBUG] [START] Reloading Section: "start-reload/ItemComparatorRegistryImpl/"
[10:53:21] [REI-ReloadPlugins/DEBUG] [START] Reloading Section: "start-reload/ItemComparatorRegistryImpl/" done in 26.50 μs
[10:53:21] [REI-ReloadPlugins/DEBUG] [START] Reloading Section: "start-reload/FluidComparatorRegistryImpl/"
[10:53:21] [REI-ReloadPlugins/DEBUG] [START] Reloading Section: "start-reload/FluidComparatorRegistryImpl/" done in 7.100 μs
[10:53:21] [REI-ReloadPlugins/DEBUG] [START] Reloading Section: "start-reload/DisplaySerializerRegistryImpl/"
[10:53:21] [REI-ReloadPlugins/DEBUG] [START] Reloading Section: "start-reload/DisplaySerializerRegistryImpl/" done in 6.400 μs
[10:53:21] [REI-ReloadPlugins/DEBUG] [START] Reloading Section: "start-reload/FluidSupportProviderImpl/"
[10:53:21] [REI-ReloadPlugins/DEBUG] [START] Reloading Section: "start-reload/FluidSupportProviderImpl/" done in 19.30 μs
[10:53:21] [REI-ReloadPlugins/DEBUG] [START] Reloading Section: "start-reload/me.shedaniel.rei.plugin.client.runtime.PluginStageExecutionWatcher$1/"
[10:53:21] [REI-ReloadPlugins/DEBUG] [START] Reloading Section: "start-reload/me.shedaniel.rei.plugin.client.runtime.PluginStageExecutionWatcher$1/" done in 1.116 ms
[10:53:21] [REI-ReloadPlugins/DEBUG] [START] Reloading Section: "start-reload/" done in 4.814 ms
[10:53:21] [REI-ReloadPlugins/INFO] Reloading Plugin Manager [REIPlugin] stage [START], registered 5 plugins: DefaultRuntimePlugin [roughlyenoughitems], DefaultClientRuntimePlugin [roughlyenoughitems], FabricFluidAPISupportPlugin, DefaultPlugin [roughlyenoughitems], DefaultClientPlugin [roughlyenoughitems]
[10:53:21] [REI-ReloadPlugins/DEBUG] [START] Reloading Section: "reloadable-plugin/EntryTypeRegistryImpl/"
[10:53:21] [REI-ReloadPlugins/DEBUG] [START] Reloading Section: "reloadable-plugin/EntryTypeRegistryImpl/DefaultClientPlugin [roughlyenoughitems]/"
[10:53:21] [REI-ReloadPlugins/DEBUG] [START] Reloading Section: "reloadable-plugin/EntryTypeRegistryImpl/DefaultClientPlugin [roughlyenoughitems]/" done in 31.60 μs
[10:53:21] [REI-ReloadPlugins/DEBUG] [START] Reloading Section: "reloadable-plugin/EntryTypeRegistryImpl/DefaultPlugin [roughlyenoughitems]/"
[10:53:21] [REI-ReloadPlugins/DEBUG] [START] Reloading Section: "reloadable-plugin/EntryTypeRegistryImpl/DefaultPlugin [roughlyenoughitems]/" done in 10.40 μs
[10:53:21] [REI-ReloadPlugins/DEBUG] [START] Reloading Section: "reloadable-plugin/EntryTypeRegistryImpl/FabricFluidAPISupportPlugin/"
[10:53:21] [REI-ReloadPlugins/DEBUG] [START] Reloading Section: "reloadable-plugin/EntryTypeRegistryImpl/FabricFluidAPISupportPlugin/" done in 9.400 μs
[10:53:21] [REI-ReloadPlugins/DEBUG] [START] Reloading Section: "reloadable-plugin/EntryTypeRegistryImpl/DefaultClientRuntimePlugin [roughlyenoughitems]/"
[10:53:21] [REI-ReloadPlugins/DEBUG] [START] Reloading Section: "reloadable-plugin/EntryTypeRegistryImpl/DefaultClientRuntimePlugin [roughlyenoughitems]/" done in 9.500 μs
[10:53:21] [REI-ReloadPlugins/DEBUG] [START] Reloading Section: "reloadable-plugin/EntryTypeRegistryImpl/DefaultRuntimePlugin [roughlyenoughitems]/"
[10:53:21] [REI-ReloadPlugins/DEBUG] [START] Reloading Section: "reloadable-plugin/EntryTypeRegistryImpl/DefaultRuntimePlugin [roughlyenoughitems]/" done in 11.34 ms
[10:53:21] [REI-ReloadPlugins/DEBUG] [START] Reloading Section: "reloadable-plugin/EntryTypeRegistryImpl/" done in 13.21 ms
[10:53:21] [REI-ReloadPlugins/DEBUG] [START] Reloading Section: "reloadable-plugin/EntrySettingsAdapterRegistryImpl/"
[10:53:21] [REI-ReloadPlugins/DEBUG] [START] Reloading Section: "reloadable-plugin/EntrySettingsAdapterRegistryImpl/DefaultClientPlugin [roughlyenoughitems]/"
[10:53:21] [REI-ReloadPlugins/DEBUG] [START] Reloading Section: "reloadable-plugin/EntrySettingsAdapterRegistryImpl/DefaultClientPlugin [roughlyenoughitems]/" done in 8.300 μs
[10:53:21] [REI-ReloadPlugins/DEBUG] [START] Reloading Section: "reloadable-plugin/EntrySettingsAdapterRegistryImpl/DefaultPlugin [roughlyenoughitems]/"
[10:53:21] [REI-ReloadPlugins/DEBUG] [START] Reloading Section: "reloadable-plugin/EntrySettingsAdapterRegistryImpl/DefaultPlugin [roughlyenoughitems]/" done in 10.20 μs
[10:53:21] [REI-ReloadPlugins/DEBUG] [START] Reloading Section: "reloadable-plugin/EntrySettingsAdapterRegistryImpl/FabricFluidAPISupportPlugin/"
[10:53:21] [REI-ReloadPlugins/DEBUG] [START] Reloading Section: "reloadable-plugin/EntrySettingsAdapterRegistryImpl/FabricFluidAPISupportPlugin/" done in 9.400 μs
[10:53:21] [REI-ReloadPlugins/DEBUG] [START] Reloading Section: "reloadable-plugin/EntrySettingsAdapterRegistryImpl/DefaultClientRuntimePlugin [roughlyenoughitems]/"
[10:53:21] [REI-ReloadPlugins/DEBUG] [START] Reloading Section: "reloadable-plugin/EntrySettingsAdapterRegistryImpl/DefaultClientRuntimePlugin [roughlyenoughitems]/" done in 12.80 μs
[10:53:21] [REI-ReloadPlugins/DEBUG] [START] Reloading Section: "reloadable-plugin/EntrySettingsAdapterRegistryImpl/DefaultRuntimePlugin [roughlyenoughitems]/"
[10:53:21] [REI-ReloadPlugins/DEBUG] [START] Reloading Section: "reloadable-plugin/EntrySettingsAdapterRegistryImpl/DefaultRuntimePlugin [roughlyenoughitems]/" done in 9.800 μs
[10:53:21] [REI-ReloadPlugins/DEBUG] [START] Reloading Section: "reloadable-plugin/EntrySettingsAdapterRegistryImpl/" done in 1.087 ms
[10:53:21] [REI-ReloadPlugins/DEBUG] [START] Reloading Section: "reloadable-plugin/RecipeManagerContextImpl/"
[10:53:21] [REI-ReloadPlugins/DEBUG] [START] Reloading Section: "reloadable-plugin/RecipeManagerContextImpl/DefaultClientPlugin [roughlyenoughitems]/"
[10:53:21] [REI-ReloadPlugins/DEBUG] [START] Reloading Section: "reloadable-plugin/RecipeManagerContextImpl/DefaultClientPlugin [roughlyenoughitems]/" done in 50.30 μs
[10:53:21] [REI-ReloadPlugins/DEBUG] [START] Reloading Section: "reloadable-plugin/RecipeManagerContextImpl/DefaultPlugin [roughlyenoughitems]/"
[10:53:21] [REI-ReloadPlugins/DEBUG] [START] Reloading Section: "reloadable-plugin/RecipeManagerContextImpl/DefaultPlugin [roughlyenoughitems]/" done in 7.800 μs
[10:53:21] [REI-ReloadPlugins/DEBUG] [START] Reloading Section: "reloadable-plugin/RecipeManagerContextImpl/FabricFluidAPISupportPlugin/"
[10:53:21] [REI-ReloadPlugins/DEBUG] [START] Reloading Section: "reloadable-plugin/RecipeManagerContextImpl/FabricFluidAPISupportPlugin/" done in 10.90 μs
[10:53:21] [REI-ReloadPlugins/DEBUG] [START] Reloading Section: "reloadable-plugin/RecipeManagerContextImpl/DefaultClientRuntimePlugin [roughlyenoughitems]/"
[10:53:21] [REI-ReloadPlugins/DEBUG] [START] Reloading Section: "reloadable-plugin/RecipeManagerContextImpl/DefaultClientRuntimePlugin [roughlyenoughitems]/" done in 9.700 μs
[10:53:21] [REI-ReloadPlugins/DEBUG] [START] Reloading Section: "reloadable-plugin/RecipeManagerContextImpl/DefaultRuntimePlugin [roughlyenoughitems]/"
[10:53:21] [REI-ReloadPlugins/DEBUG] [START] Reloading Section: "reloadable-plugin/RecipeManagerContextImpl/DefaultRuntimePlugin [roughlyenoughitems]/" done in 28.40 μs
[10:53:21] [REI-ReloadPlugins/DEBUG] [START] Reloading Section: "reloadable-plugin/RecipeManagerContextImpl/" done in 1.300 ms
[10:53:21] [REI-ReloadPlugins/DEBUG] [START] Reloading Section: "reloadable-plugin/ItemComparatorRegistryImpl/"
[10:53:21] [REI-ReloadPlugins/DEBUG] [START] Reloading Section: "reloadable-plugin/ItemComparatorRegistryImpl/DefaultClientPlugin [roughlyenoughitems]/"
[10:53:21] [REI-ReloadPlugins/DEBUG] [START] Reloading Section: "reloadable-plugin/ItemComparatorRegistryImpl/DefaultClientPlugin [roughlyenoughitems]/" done in 26.10 μs
[10:53:21] [REI-ReloadPlugins/DEBUG] [START] Reloading Section: "reloadable-plugin/ItemComparatorRegistryImpl/DefaultPlugin [roughlyenoughitems]/"
[10:53:21] [REI-ReloadPlugins/DEBUG] [START] Reloading Section: "reloadable-plugin/ItemComparatorRegistryImpl/DefaultPlugin [roughlyenoughitems]/" done in 862.7 μs
[10:53:21] [REI-ReloadPlugins/DEBUG] [START] Reloading Section: "reloadable-plugin/ItemComparatorRegistryImpl/FabricFluidAPISupportPlugin/"
[10:53:21] [REI-ReloadPlugins/DEBUG] [START] Reloading Section: "reloadable-plugin/ItemComparatorRegistryImpl/FabricFluidAPISupportPlugin/" done in 11.60 μs
[10:53:21] [REI-ReloadPlugins/DEBUG] [START] Reloading Section: "reloadable-plugin/ItemComparatorRegistryImpl/DefaultClientRuntimePlugin [roughlyenoughitems]/"
[10:53:21] [REI-ReloadPlugins/DEBUG] [START] Reloading Section: "reloadable-plugin/ItemComparatorRegistryImpl/DefaultClientRuntimePlugin [roughlyenoughitems]/" done in 8.900 μs
[10:53:21] [REI-ReloadPlugins/DEBUG] [START] Reloading Section: "reloadable-plugin/ItemComparatorRegistryImpl/DefaultRuntimePlugin [roughlyenoughitems]/"
[10:53:21] [REI-ReloadPlugins/DEBUG] [START] Reloading Section: "reloadable-plugin/ItemComparatorRegistryImpl/DefaultRuntimePlugin [roughlyenoughitems]/" done in 8.300 μs
[10:53:21] [REI-ReloadPlugins/DEBUG] [START] Reloading Section: "reloadable-plugin/ItemComparatorRegistryImpl/" done in 1.954 ms
[10:53:21] [REI-ReloadPlugins/DEBUG] [START] Reloading Section: "reloadable-plugin/FluidComparatorRegistryImpl/"
[10:53:21] [REI-ReloadPlugins/DEBUG] [START] Reloading Section: "reloadable-plugin/FluidComparatorRegistryImpl/DefaultClientPlugin [roughlyenoughitems]/"
[10:53:21] [REI-ReloadPlugins/DEBUG] [START] Reloading Section: "reloadable-plugin/FluidComparatorRegistryImpl/DefaultClientPlugin [roughlyenoughitems]/" done in 22.80 μs
[10:53:21] [REI-ReloadPlugins/DEBUG] [START] Reloading Section: "reloadable-plugin/FluidComparatorRegistryImpl/DefaultPlugin [roughlyenoughitems]/"
[10:53:21] [REI-ReloadPlugins/DEBUG] [START] Reloading Section: "reloadable-plugin/FluidComparatorRegistryImpl/DefaultPlugin [roughlyenoughitems]/" done in 10.50 μs
[10:53:21] [REI-ReloadPlugins/DEBUG] [START] Reloading Section: "reloadable-plugin/FluidComparatorRegistryImpl/FabricFluidAPISupportPlugin/"
[10:53:21] [REI-ReloadPlugins/DEBUG] [START] Reloading Section: "reloadable-plugin/FluidComparatorRegistryImpl/FabricFluidAPISupportPlugin/" done in 7.300 μs
[10:53:21] [REI-ReloadPlugins/DEBUG] [START] Reloading Section: "reloadable-plugin/FluidComparatorRegistryImpl/DefaultClientRuntimePlugin [roughlyenoughitems]/"
[10:53:21] [REI-ReloadPlugins/DEBUG] [START] Reloading Section: "reloadable-plugin/FluidComparatorRegistryImpl/DefaultClientRuntimePlugin [roughlyenoughitems]/" done in 10.10 μs
[10:53:21] [REI-ReloadPlugins/DEBUG] [START] Reloading Section: "reloadable-plugin/FluidComparatorRegistryImpl/DefaultRuntimePlugin [roughlyenoughitems]/"
[10:53:21] [REI-ReloadPlugins/DEBUG] [START] Reloading Section: "reloadable-plugin/FluidComparatorRegistryImpl/DefaultRuntimePlugin [roughlyenoughitems]/" done in 9.400 μs
[10:53:21] [REI-ReloadPlugins/DEBUG] [START] Reloading Section: "reloadable-plugin/FluidComparatorRegistryImpl/" done in 890.1 μs
[10:53:21] [REI-ReloadPlugins/DEBUG] [START] Reloading Section: "reloadable-plugin/DisplaySerializerRegistryImpl/"
[10:53:21] [REI-ReloadPlugins/DEBUG] [START] Reloading Section: "reloadable-plugin/DisplaySerializerRegistryImpl/DefaultClientPlugin [roughlyenoughitems]/"
[10:53:21] [REI-ReloadPlugins/DEBUG] [START] Reloading Section: "reloadable-plugin/DisplaySerializerRegistryImpl/DefaultClientPlugin [roughlyenoughitems]/" done in 6.900 μs
[10:53:21] [REI-ReloadPlugins/DEBUG] [START] Reloading Section: "reloadable-plugin/DisplaySerializerRegistryImpl/DefaultPlugin [roughlyenoughitems]/"
[10:53:21] [REI-ReloadPlugins/DEBUG] [START] Reloading Section: "reloadable-plugin/DisplaySerializerRegistryImpl/DefaultPlugin [roughlyenoughitems]/" done in 9.300 μs
[10:53:21] [REI-ReloadPlugins/DEBUG] [START] Reloading Section: "reloadable-plugin/DisplaySerializerRegistryImpl/FabricFluidAPISupportPlugin/"
[10:53:21] [REI-ReloadPlugins/DEBUG] [START] Reloading Section: "reloadable-plugin/DisplaySerializerRegistryImpl/FabricFluidAPISupportPlugin/" done in 8.700 μs
[10:53:21] [REI-ReloadPlugins/DEBUG] [START] Reloading Section: "reloadable-plugin/DisplaySerializerRegistryImpl/DefaultClientRuntimePlugin [roughlyenoughitems]/"
[10:53:21] [REI-ReloadPlugins/DEBUG] [START] Reloading Section: "reloadable-plugin/DisplaySerializerRegistryImpl/DefaultClientRuntimePlugin [roughlyenoughitems]/" done in 44.10 μs
[10:53:21] [REI-ReloadPlugins/DEBUG] [START] Reloading Section: "reloadable-plugin/DisplaySerializerRegistryImpl/DefaultRuntimePlugin [roughlyenoughitems]/"
[10:53:21] [REI-ReloadPlugins/DEBUG] [START] Reloading Section: "reloadable-plugin/DisplaySerializerRegistryImpl/DefaultRuntimePlugin [roughlyenoughitems]/" done in 7.600 μs
[10:53:21] [REI-ReloadPlugins/DEBUG] [START] Reloading Section: "reloadable-plugin/DisplaySerializerRegistryImpl/" done in 809.3 μs
[10:53:21] [REI-ReloadPlugins/DEBUG] [START] Reloading Section: "reloadable-plugin/FluidSupportProviderImpl/"
[10:53:21] [REI-ReloadPlugins/DEBUG] [START] Reloading Section: "reloadable-plugin/FluidSupportProviderImpl/DefaultClientPlugin [roughlyenoughitems]/"
[10:53:21] [REI-ReloadPlugins/DEBUG] [START] Reloading Section: "reloadable-plugin/FluidSupportProviderImpl/DefaultClientPlugin [roughlyenoughitems]/" done in 16.90 μs
[10:53:21] [REI-ReloadPlugins/DEBUG] [START] Reloading Section: "reloadable-plugin/FluidSupportProviderImpl/DefaultPlugin [roughlyenoughitems]/"
[10:53:21] [REI-ReloadPlugins/DEBUG] [START] Reloading Section: "reloadable-plugin/FluidSupportProviderImpl/DefaultPlugin [roughlyenoughitems]/" done in 545.1 μs
[10:53:21] [REI-ReloadPlugins/DEBUG] [START] Reloading Section: "reloadable-plugin/FluidSupportProviderImpl/FabricFluidAPISupportPlugin/"
[10:53:21] [REI-ReloadPlugins/DEBUG] [START] Reloading Section: "reloadable-plugin/FluidSupportProviderImpl/FabricFluidAPISupportPlugin/" done in 177.5 μs
[10:53:21] [REI-ReloadPlugins/DEBUG] [START] Reloading Section: "reloadable-plugin/FluidSupportProviderImpl/DefaultClientRuntimePlugin [roughlyenoughitems]/"
[10:53:21] [REI-ReloadPlugins/DEBUG] [START] Reloading Section: "reloadable-plugin/FluidSupportProviderImpl/DefaultClientRuntimePlugin [roughlyenoughitems]/" done in 8.600 μs
[10:53:21] [REI-ReloadPlugins/DEBUG] [START] Reloading Section: "reloadable-plugin/FluidSupportProviderImpl/DefaultRuntimePlugin [roughlyenoughitems]/"
[10:53:21] [REI-ReloadPlugins/DEBUG] [START] Reloading Section: "reloadable-plugin/FluidSupportProviderImpl/DefaultRuntimePlugin [roughlyenoughitems]/" done in 9.800 μs
[10:53:21] [REI-ReloadPlugins/DEBUG] [START] Reloading Section: "reloadable-plugin/FluidSupportProviderImpl/" done in 1.660 ms
[10:53:21] [REI-ReloadPlugins/DEBUG] [START] Reloading Section: "reloadable-plugin/me.shedaniel.rei.plugin.client.runtime.PluginStageExecutionWatcher$1/"
[10:53:21] [REI-ReloadPlugins/DEBUG] [START] Reloading Section: "reloadable-plugin/me.shedaniel.rei.plugin.client.runtime.PluginStageExecutionWatcher$1/DefaultClientPlugin [roughlyenoughitems]/"
[10:53:21] [REI-ReloadPlugins/DEBUG] [START] Reloading Section: "reloadable-plugin/me.shedaniel.rei.plugin.client.runtime.PluginStageExecutionWatcher$1/DefaultClientPlugin [roughlyenoughitems]/" done in 8.900 μs
[10:53:21] [REI-ReloadPlugins/DEBUG] [START] Reloading Section: "reloadable-plugin/me.shedaniel.rei.plugin.client.runtime.PluginStageExecutionWatcher$1/DefaultPlugin [roughlyenoughitems]/"
[10:53:21] [REI-ReloadPlugins/DEBUG] [START] Reloading Section: "reloadable-plugin/me.shedaniel.rei.plugin.client.runtime.PluginStageExecutionWatcher$1/DefaultPlugin [roughlyenoughitems]/" done in 6.700 μs
[10:53:21] [REI-ReloadPlugins/DEBUG] [START] Reloading Section: "reloadable-plugin/me.shedaniel.rei.plugin.client.runtime.PluginStageExecutionWatcher$1/FabricFluidAPISupportPlugin/"
[10:53:21] [REI-ReloadPlugins/DEBUG] [START] Reloading Section: "reloadable-plugin/me.shedaniel.rei.plugin.client.runtime.PluginStageExecutionWatcher$1/FabricFluidAPISupportPlugin/" done in 6.500 μs
[10:53:21] [REI-ReloadPlugins/DEBUG] [START] Reloading Section: "reloadable-plugin/me.shedaniel.rei.plugin.client.runtime.PluginStageExecutionWatcher$1/DefaultClientRuntimePlugin [roughlyenoughitems]/"
[10:53:21] [REI-ReloadPlugins/DEBUG] [START] Reloading Section: "reloadable-plugin/me.shedaniel.rei.plugin.client.runtime.PluginStageExecutionWatcher$1/DefaultClientRuntimePlugin [roughlyenoughitems]/" done in 6.500 μs
[10:53:21] [REI-ReloadPlugins/DEBUG] [START] Reloading Section: "reloadable-plugin/me.shedaniel.rei.plugin.client.runtime.PluginStageExecutionWatcher$1/DefaultRuntimePlugin [roughlyenoughitems]/"
[10:53:21] [REI-ReloadPlugins/DEBUG] [START] Reloading Section: "reloadable-plugin/me.shedaniel.rei.plugin.client.runtime.PluginStageExecutionWatcher$1/DefaultRuntimePlugin [roughlyenoughitems]/" done in 6.400 μs
[10:53:21] [REI-ReloadPlugins/DEBUG] [START] Reloading Section: "reloadable-plugin/me.shedaniel.rei.plugin.client.runtime.PluginStageExecutionWatcher$1/" done in 702.3 μs
[10:53:21] [REI-ReloadPlugins/DEBUG] [START] Reloading Section: "end-reload/"
[10:53:21] [REI-ReloadPlugins/DEBUG] [START] Reloading Section: "end-reload/EntryTypeRegistryImpl/"
[10:53:21] [REI-ReloadPlugins/DEBUG] [START] Reloading Section: "end-reload/EntryTypeRegistryImpl/" done in 9.600 μs
[10:53:21] [REI-ReloadPlugins/DEBUG] [START] Reloading Section: "end-reload/EntrySettingsAdapterRegistryImpl/"
[10:53:21] [REI-ReloadPlugins/DEBUG] [START] Reloading Section: "end-reload/EntrySettingsAdapterRegistryImpl/" done in 4.200 μs
[10:53:21] [REI-ReloadPlugins/DEBUG] [START] Reloading Section: "end-reload/RecipeManagerContextImpl/"
[10:53:21] [REI-ReloadPlugins/DEBUG] [START] Reloading Section: "end-reload/RecipeManagerContextImpl/" done in 4.100 μs
[10:53:21] [REI-ReloadPlugins/DEBUG] [START] Reloading Section: "end-reload/ItemComparatorRegistryImpl/"
[10:53:21] [REI-ReloadPlugins/DEBUG] [START] Reloading Section: "end-reload/ItemComparatorRegistryImpl/" done in 4.700 μs
[10:53:21] [REI-ReloadPlugins/DEBUG] [START] Reloading Section: "end-reload/FluidComparatorRegistryImpl/"
[10:53:21] [REI-ReloadPlugins/DEBUG] [START] Reloading Section: "end-reload/FluidComparatorRegistryImpl/" done in 4.100 μs
[10:53:21] [REI-ReloadPlugins/DEBUG] [START] Reloading Section: "end-reload/DisplaySerializerRegistryImpl/"
[10:53:21] [REI-ReloadPlugins/DEBUG] [START] Reloading Section: "end-reload/DisplaySerializerRegistryImpl/" done in 4.300 μs
[10:53:21] [REI-ReloadPlugins/DEBUG] [START] Reloading Section: "end-reload/FluidSupportProviderImpl/"
[10:53:21] [REI-ReloadPlugins/DEBUG] [START] Reloading Section: "end-reload/FluidSupportProviderImpl/" done in 6.100 μs
[10:53:21] [REI-ReloadPlugins/DEBUG] [START] Reloading Section: "end-reload/me.shedaniel.rei.plugin.client.runtime.PluginStageExecutionWatcher$1/"
[10:53:21] [REI-ReloadPlugins/DEBUG] [START] Reloading Section: "end-reload/me.shedaniel.rei.plugin.client.runtime.PluginStageExecutionWatcher$1/" done in 16.00 μs
[10:53:21] [REI-ReloadPlugins/DEBUG] [START] Reloading Section: "end-reload/" done in 995.7 μs
[10:53:21] [REI-ReloadPlugins/INFO] Reloaded Plugin Manager [REIPlugin] with 2 entry types, 5 item comparators, 0 fluid comparators and 2 fluid support providers in 33ms.
[10:53:21] [REI-ReloadPlugins/DEBUG] [START] Reloading Section: "start-reload/"
[10:53:21] [REI-ReloadPlugins/DEBUG] [START] Reloading Section: "start-reload/EntryRendererRegistryImpl/"
[10:53:21] [REI-ReloadPlugins/DEBUG] [START] Reloading Section: "start-reload/EntryRendererRegistryImpl/" done in 13.30 μs
[10:53:21] [REI-ReloadPlugins/DEBUG] [START] Reloading Section: "start-reload/ViewsImpl/"
[10:53:21] [REI-ReloadPlugins/DEBUG] [START] Reloading Section: "start-reload/ViewsImpl/" done in 5.400 μs
[10:53:21] [REI-ReloadPlugins/DEBUG] [START] Reloading Section: "start-reload/SearchProviderImpl/"
[10:53:21] [REI-ReloadPlugins/DEBUG] [START] Reloading Section: "start-reload/SearchProviderImpl/" done in 6.000 μs
[10:53:21] [REI-ReloadPlugins/DEBUG] [START] Reloading Section: "start-reload/ConfigManagerImpl/"
[10:53:21] [REI-ReloadPlugins/DEBUG] [START] Reloading Section: "start-reload/ConfigManagerImpl/" done in 5.500 μs
[10:53:21] [REI-ReloadPlugins/DEBUG] [START] Reloading Section: "start-reload/EntryRegistryImpl/"
[10:53:21] [REI-ReloadPlugins/DEBUG] [START] Reloading Section: "start-reload/EntryRegistryImpl/" done in 45.20 μs
[10:53:21] [REI-ReloadPlugins/DEBUG] [START] Reloading Section: "start-reload/CategoryRegistryImpl/"
[10:53:21] [REI-ReloadPlugins/DEBUG] [START] Reloading Section: "start-reload/CategoryRegistryImpl/" done in 5.700 μs
[10:53:21] [REI-ReloadPlugins/DEBUG] [START] Reloading Section: "start-reload/DisplayRegistryImpl/"
[10:53:21] [REI-ReloadPlugins/DEBUG] [START] Reloading Section: "start-reload/DisplayRegistryImpl/" done in 5.600 μs
[10:53:21] [REI-ReloadPlugins/DEBUG] [START] Reloading Section: "start-reload/ScreenRegistryImpl/"
[10:53:21] [REI-ReloadPlugins/DEBUG] [START] Reloading Section: "start-reload/ScreenRegistryImpl/" done in 4.143 ms
[10:53:21] [REI-ReloadPlugins/DEBUG] [START] Reloading Section: "start-reload/FavoriteEntryTypeRegistryImpl/"
[10:53:21] [REI-ReloadPlugins/DEBUG] [START] Reloading Section: "start-reload/FavoriteEntryTypeRegistryImpl/" done in 29.80 μs
[10:53:21] [REI-ReloadPlugins/DEBUG] [START] Reloading Section: "start-reload/SubsetsRegistryImpl/"
[10:53:21] [REI-ReloadPlugins/DEBUG] [START] Reloading Section: "start-reload/SubsetsRegistryImpl/" done in 16.40 μs
[10:53:21] [REI-ReloadPlugins/DEBUG] [START] Reloading Section: "start-reload/TransferHandlerRegistryImpl/"
[10:53:21] [REI-ReloadPlugins/DEBUG] [START] Reloading Section: "start-reload/TransferHandlerRegistryImpl/" done in 6.000 μs
[10:53:21] [REI-ReloadPlugins/DEBUG] [START] Reloading Section: "start-reload/REIRuntimeImpl/"
[10:53:21] [REI-ReloadPlugins/DEBUG] [START] Reloading Section: "start-reload/REIRuntimeImpl/" done in 956.3 μs
[10:53:21] [REI-ReloadPlugins/DEBUG] [START] Reloading Section: "start-reload/me.shedaniel.rei.plugin.client.runtime.PluginStageExecutionWatcher$1/"
[10:53:21] [REI-ReloadPlugins/DEBUG] [START] Reloading Section: "start-reload/me.shedaniel.rei.plugin.client.runtime.PluginStageExecutionWatcher$1/" done in 12.20 μs
[10:53:21] [REI-ReloadPlugins/DEBUG] [START] Reloading Section: "start-reload/" done in 7.175 ms
[10:53:21] [REI-ReloadPlugins/INFO] Reloading Plugin Manager [REIClientPlugin] stage [START], registered 2 plugins: DefaultClientRuntimePlugin [roughlyenoughitems], DefaultClientPlugin [roughlyenoughitems]
[10:53:21] [REI-ReloadPlugins/DEBUG] [START] Reloading Section: "reloadable-plugin/EntryRendererRegistryImpl/"
[10:53:21] [REI-ReloadPlugins/DEBUG] [START] Reloading Section: "reloadable-plugin/EntryRendererRegistryImpl/DefaultClientPlugin [roughlyenoughitems]/"
[10:53:21] [REI-ReloadPlugins/DEBUG] [START] Reloading Section: "reloadable-plugin/EntryRendererRegistryImpl/DefaultClientPlugin [roughlyenoughitems]/" done in 9.300 μs
[10:53:21] [REI-ReloadPlugins/DEBUG] [START] Reloading Section: "reloadable-plugin/EntryRendererRegistryImpl/DefaultClientRuntimePlugin [roughlyenoughitems]/"
[10:53:21] [REI-ReloadPlugins/DEBUG] [START] Reloading Section: "reloadable-plugin/EntryRendererRegistryImpl/DefaultClientRuntimePlugin [roughlyenoughitems]/" done in 10.70 μs
[10:53:21] [REI-ReloadPlugins/DEBUG] [START] Reloading Section: "reloadable-plugin/EntryRendererRegistryImpl/" done in 322.3 μs
[10:53:21] [REI-ReloadPlugins/DEBUG] [START] Reloading Section: "reloadable-plugin/ViewsImpl/"
[10:53:21] [REI-ReloadPlugins/DEBUG] [START] Reloading Section: "reloadable-plugin/ViewsImpl/DefaultClientPlugin [roughlyenoughitems]/"
[10:53:21] [REI-ReloadPlugins/DEBUG] [START] Reloading Section: "reloadable-plugin/ViewsImpl/DefaultClientPlugin [roughlyenoughitems]/" done in 7.300 μs
[10:53:21] [REI-ReloadPlugins/DEBUG] [START] Reloading Section: "reloadable-plugin/ViewsImpl/DefaultClientRuntimePlugin [roughlyenoughitems]/"
[10:53:21] [REI-ReloadPlugins/DEBUG] [START] Reloading Section: "reloadable-plugin/ViewsImpl/DefaultClientRuntimePlugin [roughlyenoughitems]/" done in 7.700 μs
[10:53:21] [REI-ReloadPlugins/DEBUG] [START] Reloading Section: "reloadable-plugin/ViewsImpl/" done in 232.8 μs
[10:53:21] [REI-ReloadPlugins/DEBUG] [START] Reloading Section: "reloadable-plugin/SearchProviderImpl/"
[10:53:21] [REI-ReloadPlugins/DEBUG] [START] Reloading Section: "reloadable-plugin/SearchProviderImpl/DefaultClientPlugin [roughlyenoughitems]/"
[10:53:21] [REI-ReloadPlugins/DEBUG] [START] Reloading Section: "reloadable-plugin/SearchProviderImpl/DefaultClientPlugin [roughlyenoughitems]/" done in 8.100 μs
[10:53:21] [REI-ReloadPlugins/DEBUG] [START] Reloading Section: "reloadable-plugin/SearchProviderImpl/DefaultClientRuntimePlugin [roughlyenoughitems]/"
[10:53:21] [REI-ReloadPlugins/DEBUG] [START] Reloading Section: "reloadable-plugin/SearchProviderImpl/DefaultClientRuntimePlugin [roughlyenoughitems]/" done in 7.500 μs
[10:53:21] [REI-ReloadPlugins/DEBUG] [START] Reloading Section: "reloadable-plugin/SearchProviderImpl/" done in 226.3 μs
[10:53:21] [REI-ReloadPlugins/DEBUG] [START] Reloading Section: "reloadable-plugin/ConfigManagerImpl/"
[10:53:21] [REI-ReloadPlugins/DEBUG] [START] Reloading Section: "reloadable-plugin/ConfigManagerImpl/DefaultClientPlugin [roughlyenoughitems]/"
[10:53:21] [REI-ReloadPlugins/DEBUG] [START] Reloading Section: "reloadable-plugin/ConfigManagerImpl/DefaultClientPlugin [roughlyenoughitems]/" done in 6.800 μs
[10:53:21] [REI-ReloadPlugins/DEBUG] [START] Reloading Section: "reloadable-plugin/ConfigManagerImpl/DefaultClientRuntimePlugin [roughlyenoughitems]/"
[10:53:21] [REI-ReloadPlugins/DEBUG] [START] Reloading Section: "reloadable-plugin/ConfigManagerImpl/DefaultClientRuntimePlugin [roughlyenoughitems]/" done in 7.500 μs
[10:53:21] [REI-ReloadPlugins/DEBUG] [START] Reloading Section: "reloadable-plugin/ConfigManagerImpl/" done in 249.6 μs
[10:53:21] [REI-ReloadPlugins/DEBUG] [START] Reloading Section: "reloadable-plugin/EntryRegistryImpl/"
[10:53:21] [REI-ReloadPlugins/DEBUG] [START] Reloading Section: "reloadable-plugin/EntryRegistryImpl/DefaultClientPlugin [roughlyenoughitems]/"
[10:53:21] [REI-ReloadPlugins/DEBUG] [START] Reloading Section: "reloadable-plugin/EntryRegistryImpl/DefaultClientPlugin [roughlyenoughitems]/" done in 14.31 ms
[10:53:21] [REI-ReloadPlugins/DEBUG] [START] Reloading Section: "reloadable-plugin/EntryRegistryImpl/DefaultClientRuntimePlugin [roughlyenoughitems]/"
[10:53:21] [REI-ReloadPlugins/DEBUG] [START] Reloading Section: "reloadable-plugin/EntryRegistryImpl/DefaultClientRuntimePlugin [roughlyenoughitems]/" done in 378.4 μs
[10:53:21] [REI-ReloadPlugins/DEBUG] [START] Reloading Section: "reloadable-plugin/EntryRegistryImpl/" done in 15.25 ms
[10:53:21] [REI-ReloadPlugins/DEBUG] [START] Reloading Section: "reloadable-plugin/CategoryRegistryImpl/"
[10:53:21] [REI-ReloadPlugins/DEBUG] [START] Reloading Section: "reloadable-plugin/CategoryRegistryImpl/DefaultClientPlugin [roughlyenoughitems]/"
[10:53:21] [REI-ReloadPlugins/DEBUG] [START] Reloading Section: "reloadable-plugin/CategoryRegistryImpl/DefaultClientPlugin [roughlyenoughitems]/" done in 8.200 μs
[10:53:21] [REI-ReloadPlugins/DEBUG] [START] Reloading Section: "reloadable-plugin/CategoryRegistryImpl/DefaultClientRuntimePlugin [roughlyenoughitems]/"
[10:53:21] [REI-ReloadPlugins/DEBUG] [START] Reloading Section: "reloadable-plugin/CategoryRegistryImpl/DefaultClientRuntimePlugin [roughlyenoughitems]/" done in 7.400 μs
[10:53:21] [REI-ReloadPlugins/DEBUG] [START] Reloading Section: "reloadable-plugin/CategoryRegistryImpl/" done in 236.2 μs
[10:53:21] [REI-ReloadPlugins/DEBUG] [START] Reloading Section: "reloadable-plugin/DisplayRegistryImpl/"
[10:53:21] [REI-ReloadPlugins/DEBUG] [START] Reloading Section: "reloadable-plugin/DisplayRegistryImpl/DefaultClientPlugin [roughlyenoughitems]/"
[10:53:21] [REI-ReloadPlugins/DEBUG] [START] Reloading Section: "reloadable-plugin/DisplayRegistryImpl/DefaultClientPlugin [roughlyenoughitems]/" done in 7.200 μs
[10:53:21] [REI-ReloadPlugins/DEBUG] [START] Reloading Section: "reloadable-plugin/DisplayRegistryImpl/DefaultClientRuntimePlugin [roughlyenoughitems]/"
[10:53:21] [REI-ReloadPlugins/DEBUG] [START] Reloading Section: "reloadable-plugin/DisplayRegistryImpl/DefaultClientRuntimePlugin [roughlyenoughitems]/" done in 9.900 μs
[10:53:21] [REI-ReloadPlugins/DEBUG] [START] Reloading Section: "reloadable-plugin/DisplayRegistryImpl/" done in 294.0 μs
[10:53:21] [REI-ReloadPlugins/DEBUG] [START] Reloading Section: "reloadable-plugin/ScreenRegistryImpl/"
[10:53:21] [REI-ReloadPlugins/DEBUG] [START] Reloading Section: "reloadable-plugin/ScreenRegistryImpl/DefaultClientPlugin [roughlyenoughitems]/"
[10:53:21] [REI-ReloadPlugins/DEBUG] [START] Reloading Section: "reloadable-plugin/ScreenRegistryImpl/DefaultClientPlugin [roughlyenoughitems]/" done in 7.862 ms
[10:53:21] [REI-ReloadPlugins/DEBUG] [START] Reloading Section: "reloadable-plugin/ScreenRegistryImpl/DefaultClientRuntimePlugin [roughlyenoughitems]/"
[10:53:21] [REI-ReloadPlugins/DEBUG] [START] Reloading Section: "reloadable-plugin/ScreenRegistryImpl/DefaultClientRuntimePlugin [roughlyenoughitems]/" done in 768.4 μs
[10:53:21] [REI-ReloadPlugins/DEBUG] [START] Reloading Section: "reloadable-plugin/ScreenRegistryImpl/" done in 9.061 ms
[10:53:21] [REI-ReloadPlugins/DEBUG] [START] Reloading Section: "reloadable-plugin/FavoriteEntryTypeRegistryImpl/"
[10:53:21] [REI-ReloadPlugins/DEBUG] [START] Reloading Section: "reloadable-plugin/FavoriteEntryTypeRegistryImpl/DefaultClientPlugin [roughlyenoughitems]/"
[10:53:21] [REI-ReloadPlugins/DEBUG] [START] Reloading Section: "reloadable-plugin/FavoriteEntryTypeRegistryImpl/DefaultClientPlugin [roughlyenoughitems]/" done in 4.719 ms
[10:53:21] [REI-ReloadPlugins/DEBUG] [START] Reloading Section: "reloadable-plugin/FavoriteEntryTypeRegistryImpl/DefaultClientRuntimePlugin [roughlyenoughitems]/"
[10:53:21] [REI-ReloadPlugins/DEBUG] [START] Reloading Section: "reloadable-plugin/FavoriteEntryTypeRegistryImpl/DefaultClientRuntimePlugin [roughlyenoughitems]/" done in 503.4 μs
[10:53:21] [REI-ReloadPlugins/DEBUG] [START] Reloading Section: "reloadable-plugin/FavoriteEntryTypeRegistryImpl/" done in 5.819 ms
[10:53:21] [REI-ReloadPlugins/DEBUG] [START] Reloading Section: "reloadable-plugin/SubsetsRegistryImpl/"
[10:53:21] [REI-ReloadPlugins/DEBUG] [START] Reloading Section: "reloadable-plugin/SubsetsRegistryImpl/DefaultClientPlugin [roughlyenoughitems]/"
[10:53:21] [REI-ReloadPlugins/DEBUG] [START] Reloading Section: "reloadable-plugin/SubsetsRegistryImpl/DefaultClientPlugin [roughlyenoughitems]/" done in 18.70 μs
[10:53:21] [REI-ReloadPlugins/DEBUG] [START] Reloading Section: "reloadable-plugin/SubsetsRegistryImpl/DefaultClientRuntimePlugin [roughlyenoughitems]/"
[10:53:21] [REI-ReloadPlugins/DEBUG] [START] Reloading Section: "reloadable-plugin/SubsetsRegistryImpl/DefaultClientRuntimePlugin [roughlyenoughitems]/" done in 9.500 μs
[10:53:21] [REI-ReloadPlugins/DEBUG] [START] Reloading Section: "reloadable-plugin/SubsetsRegistryImpl/" done in 405.4 μs
[10:53:21] [REI-ReloadPlugins/DEBUG] [START] Reloading Section: "reloadable-plugin/TransferHandlerRegistryImpl/"
[10:53:21] [REI-ReloadPlugins/DEBUG] [START] Reloading Section: "reloadable-plugin/TransferHandlerRegistryImpl/DefaultClientPlugin [roughlyenoughitems]/"
[10:53:21] [REI-ReloadPlugins/DEBUG] [START] Reloading Section: "reloadable-plugin/TransferHandlerRegistryImpl/DefaultClientPlugin [roughlyenoughitems]/" done in 7.400 μs
[10:53:21] [REI-ReloadPlugins/DEBUG] [START] Reloading Section: "reloadable-plugin/TransferHandlerRegistryImpl/DefaultClientRuntimePlugin [roughlyenoughitems]/"
[10:53:21] [REI-ReloadPlugins/DEBUG] [START] Reloading Section: "reloadable-plugin/TransferHandlerRegistryImpl/DefaultClientRuntimePlugin [roughlyenoughitems]/" done in 7.900 μs
[10:53:21] [REI-ReloadPlugins/DEBUG] [START] Reloading Section: "reloadable-plugin/TransferHandlerRegistryImpl/" done in 268.5 μs
[10:53:21] [REI-ReloadPlugins/DEBUG] [START] Reloading Section: "reloadable-plugin/REIRuntimeImpl/"
[10:53:21] [REI-ReloadPlugins/DEBUG] [START] Reloading Section: "reloadable-plugin/REIRuntimeImpl/DefaultClientPlugin [roughlyenoughitems]/"
[10:53:21] [REI-ReloadPlugins/DEBUG] [START] Reloading Section: "reloadable-plugin/REIRuntimeImpl/DefaultClientPlugin [roughlyenoughitems]/" done in 7.000 μs
[10:53:21] [REI-ReloadPlugins/DEBUG] [START] Reloading Section: "reloadable-plugin/REIRuntimeImpl/DefaultClientRuntimePlugin [roughlyenoughitems]/"
[10:53:21] [REI-ReloadPlugins/DEBUG] [START] Reloading Section: "reloadable-plugin/REIRuntimeImpl/DefaultClientRuntimePlugin [roughlyenoughitems]/" done in 8.100 μs
[10:53:21] [REI-ReloadPlugins/DEBUG] [START] Reloading Section: "reloadable-plugin/REIRuntimeImpl/" done in 239.5 μs
[10:53:21] [REI-ReloadPlugins/DEBUG] [START] Reloading Section: "reloadable-plugin/me.shedaniel.rei.plugin.client.runtime.PluginStageExecutionWatcher$1/"
[10:53:21] [REI-ReloadPlugins/DEBUG] [START] Reloading Section: "reloadable-plugin/me.shedaniel.rei.plugin.client.runtime.PluginStageExecutionWatcher$1/DefaultClientPlugin [roughlyenoughitems]/"
[10:53:21] [REI-ReloadPlugins/DEBUG] [START] Reloading Section: "reloadable-plugin/me.shedaniel.rei.plugin.client.runtime.PluginStageExecutionWatcher$1/DefaultClientPlugin [roughlyenoughitems]/" done in 10.50 μs
[10:53:21] [REI-ReloadPlugins/DEBUG] [START] Reloading Section: "reloadable-plugin/me.shedaniel.rei.plugin.client.runtime.PluginStageExecutionWatcher$1/DefaultClientRuntimePlugin [roughlyenoughitems]/"
[10:53:21] [REI-ReloadPlugins/DEBUG] [START] Reloading Section: "reloadable-plugin/me.shedaniel.rei.plugin.client.runtime.PluginStageExecutionWatcher$1/DefaultClientRuntimePlugin [roughlyenoughitems]/" done in 7.700 μs
[10:53:21] [REI-ReloadPlugins/DEBUG] [START] Reloading Section: "reloadable-plugin/me.shedaniel.rei.plugin.client.runtime.PluginStageExecutionWatcher$1/" done in 246.6 μs
[10:53:21] [REI-ReloadPlugins/DEBUG] [START] Reloading Section: "end-reload/"
[10:53:21] [REI-ReloadPlugins/DEBUG] [START] Reloading Section: "end-reload/EntryRendererRegistryImpl/"
[10:53:21] [REI-ReloadPlugins/DEBUG] [START] Reloading Section: "end-reload/EntryRendererRegistryImpl/" done in 4.600 μs
[10:53:21] [REI-ReloadPlugins/DEBUG] [START] Reloading Section: "end-reload/ViewsImpl/"
[10:53:21] [REI-ReloadPlugins/DEBUG] [START] Reloading Section: "end-reload/ViewsImpl/" done in 4.500 μs
[10:53:21] [REI-ReloadPlugins/DEBUG] [START] Reloading Section: "end-reload/SearchProviderImpl/"
[10:53:21] [REI-ReloadPlugins/DEBUG] [START] Reloading Section: "end-reload/SearchProviderImpl/" done in 4.600 μs
[10:53:21] [REI-ReloadPlugins/DEBUG] [START] Reloading Section: "end-reload/ConfigManagerImpl/"
[10:53:21] [REI-ReloadPlugins/DEBUG] [START] Reloading Section: "end-reload/ConfigManagerImpl/" done in 4.100 μs
[10:53:21] [REI-ReloadPlugins/DEBUG] [START] Reloading Section: "end-reload/EntryRegistryImpl/"
[10:53:21] [REI-ReloadPlugins/DEBUG] Refiltered rule [roughlyenoughitems:manual] in 3.547 ms.
[10:53:21] [REI-ReloadPlugins/DEBUG] Refiltered 0 entries with 1 rules in 7.439 ms.
[10:53:21] [REI-ReloadPlugins/DEBUG] Computed existing filtered displays with 1 rules in 438.0 μs
[10:53:21] [REI-ReloadPlugins/DEBUG] [START] Reloading Section: "end-reload/EntryRegistryImpl/" done in 10.30 ms
[10:53:21] [REI-ReloadPlugins/DEBUG] [START] Reloading Section: "end-reload/CategoryRegistryImpl/"
[10:53:21] [REI-ReloadPlugins/DEBUG] [START] Reloading Section: "end-reload/CategoryRegistryImpl/" done in 6.500 μs
[10:53:21] [REI-ReloadPlugins/DEBUG] [START] Reloading Section: "end-reload/DisplayRegistryImpl/"
[10:53:21] [REI-ReloadPlugins/DEBUG] [START] Reloading Section: "end-reload/DisplayRegistryImpl/" done in 4.500 μs
[10:53:21] [REI-ReloadPlugins/DEBUG] [START] Reloading Section: "end-reload/ScreenRegistryImpl/"
[10:53:21] [REI-ReloadPlugins/DEBUG] [START] Reloading Section: "end-reload/ScreenRegistryImpl/" done in 18.80 μs
[10:53:21] [REI-ReloadPlugins/DEBUG] [START] Reloading Section: "end-reload/FavoriteEntryTypeRegistryImpl/"
[10:53:21] [REI-ReloadPlugins/DEBUG] [START] Reloading Section: "end-reload/FavoriteEntryTypeRegistryImpl/" done in 2.335 ms
[10:53:21] [REI-ReloadPlugins/DEBUG] [START] Reloading Section: "end-reload/SubsetsRegistryImpl/"
[10:53:21] [REI-ReloadPlugins/DEBUG] [START] Reloading Section: "end-reload/SubsetsRegistryImpl/" done in 7.800 μs
[10:53:21] [REI-ReloadPlugins/DEBUG] [START] Reloading Section: "end-reload/TransferHandlerRegistryImpl/"
[10:53:21] [REI-ReloadPlugins/DEBUG] [START] Reloading Section: "end-reload/TransferHandlerRegistryImpl/" done in 5.100 μs
[10:53:21] [REI-ReloadPlugins/DEBUG] [START] Reloading Section: "end-reload/REIRuntimeImpl/"
[10:53:21] [REI-ReloadPlugins/DEBUG] [START] Reloading Section: "end-reload/REIRuntimeImpl/" done in 232.2 μs
[10:53:21] [REI-ReloadPlugins/DEBUG] [START] Reloading Section: "end-reload/me.shedaniel.rei.plugin.client.runtime.PluginStageExecutionWatcher$1/"
[10:53:21] [REI-ReloadPlugins/DEBUG] [START] Reloading Section: "end-reload/me.shedaniel.rei.plugin.client.runtime.PluginStageExecutionWatcher$1/" done in 10.30 μs
[10:53:21] [REI-ReloadPlugins/DEBUG] [START] Reloading Section: "end-reload/" done in 15.16 ms
[10:53:21] [REI-ReloadPlugins/INFO] Reloaded Plugin Manager [REIClientPlugin] with 1380 entries, 0 displays, 0 display visibility predicates, 0 categories (), 4 exclusion zones and 3 overlay deciders in 57ms.
[10:53:21] [REI-ReloadPlugins/DEBUG] [START] Reloading Section: "start-reload/"
[10:53:21] [REI-ReloadPlugins/DEBUG] [START] Reloading Section: "start-reload/MenuInfoRegistryImpl/"
[10:53:21] [REI-ReloadPlugins/DEBUG] [START] Reloading Section: "start-reload/MenuInfoRegistryImpl/" done in 10.20 μs
[10:53:21] [REI-ReloadPlugins/DEBUG] [START] Reloading Section: "start-reload/me.shedaniel.rei.plugin.client.runtime.PluginStageExecutionWatcher$1/"
[10:53:21] [REI-ReloadPlugins/DEBUG] [START] Reloading Section: "start-reload/me.shedaniel.rei.plugin.client.runtime.PluginStageExecutionWatcher$1/" done in 11.60 μs
[10:53:21] [REI-ReloadPlugins/DEBUG] [START] Reloading Section: "start-reload/" done in 271.4 μs
[10:53:21] [REI-ReloadPlugins/INFO] Reloading Plugin Manager [REIServerPlugin] stage [START], registered 3 plugins: DefaultRuntimePlugin [roughlyenoughitems], FabricFluidAPISupportPlugin, DefaultPlugin [roughlyenoughitems]
[10:53:21] [REI-ReloadPlugins/DEBUG] [START] Reloading Section: "reloadable-plugin/MenuInfoRegistryImpl/"
[10:53:21] [REI-ReloadPlugins/DEBUG] [START] Reloading Section: "reloadable-plugin/MenuInfoRegistryImpl/DefaultPlugin [roughlyenoughitems]/"
[10:53:21] [REI-ReloadPlugins/DEBUG] [START] Reloading Section: "reloadable-plugin/MenuInfoRegistryImpl/DefaultPlugin [roughlyenoughitems]/" done in 8.500 μs
[10:53:21] [REI-ReloadPlugins/DEBUG] [START] Reloading Section: "reloadable-plugin/MenuInfoRegistryImpl/FabricFluidAPISupportPlugin/"
[10:53:21] [REI-ReloadPlugins/DEBUG] [START] Reloading Section: "reloadable-plugin/MenuInfoRegistryImpl/FabricFluidAPISupportPlugin/" done in 5.700 μs
[10:53:21] [REI-ReloadPlugins/DEBUG] [START] Reloading Section: "reloadable-plugin/MenuInfoRegistryImpl/DefaultRuntimePlugin [roughlyenoughitems]/"
[10:53:21] [REI-ReloadPlugins/DEBUG] [START] Reloading Section: "reloadable-plugin/MenuInfoRegistryImpl/DefaultRuntimePlugin [roughlyenoughitems]/" done in 5.800 μs
[10:53:21] [REI-ReloadPlugins/DEBUG] [START] Reloading Section: "reloadable-plugin/MenuInfoRegistryImpl/" done in 397.7 μs
[10:53:21] [REI-ReloadPlugins/DEBUG] [START] Reloading Section: "reloadable-plugin/me.shedaniel.rei.plugin.client.runtime.PluginStageExecutionWatcher$1/"
[10:53:21] [REI-ReloadPlugins/DEBUG] [START] Reloading Section: "reloadable-plugin/me.shedaniel.rei.plugin.client.runtime.PluginStageExecutionWatcher$1/DefaultPlugin [roughlyenoughitems]/"
[10:53:21] [REI-ReloadPlugins/DEBUG] [START] Reloading Section: "reloadable-plugin/me.shedaniel.rei.plugin.client.runtime.PluginStageExecutionWatcher$1/DefaultPlugin [roughlyenoughitems]/" done in 5.100 μs
[10:53:21] [REI-ReloadPlugins/DEBUG] [START] Reloading Section: "reloadable-plugin/me.shedaniel.rei.plugin.client.runtime.PluginStageExecutionWatcher$1/FabricFluidAPISupportPlugin/"
[10:53:21] [REI-ReloadPlugins/DEBUG] [START] Reloading Section: "reloadable-plugin/me.shedaniel.rei.plugin.client.runtime.PluginStageExecutionWatcher$1/FabricFluidAPISupportPlugin/" done in 9.200 μs
[10:53:21] [REI-ReloadPlugins/DEBUG] [START] Reloading Section: "reloadable-plugin/me.shedaniel.rei.plugin.client.runtime.PluginStageExecutionWatcher$1/DefaultRuntimePlugin [roughlyenoughitems]/"
[10:53:21] [REI-ReloadPlugins/DEBUG] [START] Reloading Section: "reloadable-plugin/me.shedaniel.rei.plugin.client.runtime.PluginStageExecutionWatcher$1/DefaultRuntimePlugin [roughlyenoughitems]/" done in 6.000 μs
[10:53:21] [REI-ReloadPlugins/DEBUG] [START] Reloading Section: "reloadable-plugin/me.shedaniel.rei.plugin.client.runtime.PluginStageExecutionWatcher$1/" done in 326.5 μs
[10:53:21] [REI-ReloadPlugins/DEBUG] [START] Reloading Section: "end-reload/"
[10:53:21] [REI-ReloadPlugins/DEBUG] [START] Reloading Section: "end-reload/MenuInfoRegistryImpl/"
[10:53:21] [REI-ReloadPlugins/DEBUG] [START] Reloading Section: "end-reload/MenuInfoRegistryImpl/" done in 4.900 μs
[10:53:21] [REI-ReloadPlugins/DEBUG] [START] Reloading Section: "end-reload/me.shedaniel.rei.plugin.client.runtime.PluginStageExecutionWatcher$1/"
[10:53:21] [REI-ReloadPlugins/DEBUG] [START] Reloading Section: "end-reload/me.shedaniel.rei.plugin.client.runtime.PluginStageExecutionWatcher$1/" done in 6.800 μs
[10:53:21] [REI-ReloadPlugins/DEBUG] [START] Reloading Section: "end-reload/" done in 215.5 μs
[10:53:21] [REI-ReloadPlugins/INFO] Reloaded Plugin Manager [REIServerPlugin] with 0 menu infos in 2ms.
[10:53:21] [REI-ReloadPlugins/DEBUG] [START] Reloading Section: "post-register/"
[10:53:21] [REI-ReloadPlugins/DEBUG] [START] Reloading Section: "post-register/DefaultClientPlugin [roughlyenoughitems]/"
[10:53:21] [REI-ReloadPlugins/DEBUG] [START] Reloading Section: "post-register/DefaultClientPlugin [roughlyenoughitems]/" done in 15.70 μs
[10:53:21] [REI-ReloadPlugins/DEBUG] [START] Reloading Section: "post-register/DefaultPlugin [roughlyenoughitems]/"
[10:53:21] [REI-ReloadPlugins/DEBUG] [START] Reloading Section: "post-register/DefaultPlugin [roughlyenoughitems]/" done in 6.500 μs
[10:53:21] [REI-ReloadPlugins/DEBUG] [START] Reloading Section: "post-register/FabricFluidAPISupportPlugin/"
[10:53:21] [REI-ReloadPlugins/DEBUG] [START] Reloading Section: "post-register/FabricFluidAPISupportPlugin/" done in 5.300 μs
[10:53:21] [REI-ReloadPlugins/DEBUG] [START] Reloading Section: "post-register/DefaultClientRuntimePlugin [roughlyenoughitems]/"
[10:53:21] [REI-ReloadPlugins/DEBUG] [START] Reloading Section: "post-register/DefaultClientRuntimePlugin [roughlyenoughitems]/" done in 4.300 μs
[10:53:21] [REI-ReloadPlugins/DEBUG] [START] Reloading Section: "post-register/DefaultRuntimePlugin [roughlyenoughitems]/"
[10:53:21] [REI-ReloadPlugins/DEBUG] [START] Reloading Section: "post-register/DefaultRuntimePlugin [roughlyenoughitems]/" done in 4.100 μs
[10:53:21] [REI-ReloadPlugins/DEBUG] [START] Reloading Section: "post-register/" done in 834.9 μs
[10:53:21] [REI-ReloadPlugins/DEBUG] [START] Reloading Section: "post-register/"
[10:53:21] [REI-ReloadPlugins/DEBUG] [START] Reloading Section: "post-register/DefaultClientPlugin [roughlyenoughitems]/"
[10:53:21] [REI-ReloadPlugins/DEBUG] [START] Reloading Section: "post-register/DefaultClientPlugin [roughlyenoughitems]/" done in 5.900 μs
[10:53:21] [REI-ReloadPlugins/DEBUG] [START] Reloading Section: "post-register/DefaultClientRuntimePlugin [roughlyenoughitems]/"
[10:53:21] [REI-ReloadPlugins/DEBUG] [START] Reloading Section: "post-register/DefaultClientRuntimePlugin [roughlyenoughitems]/" done in 4.300 μs
[10:53:21] [REI-ReloadPlugins/DEBUG] [START] Reloading Section: "post-register/" done in 187.4 μs
[10:53:21] [REI-ReloadPlugins/DEBUG] [START] Reloading Section: "post-register/"
[10:53:21] [REI-ReloadPlugins/DEBUG] [START] Reloading Section: "post-register/DefaultPlugin [roughlyenoughitems]/"
[10:53:21] [REI-ReloadPlugins/DEBUG] [START] Reloading Section: "post-register/DefaultPlugin [roughlyenoughitems]/" done in 4.500 μs
[10:53:21] [REI-ReloadPlugins/DEBUG] [START] Reloading Section: "post-register/FabricFluidAPISupportPlugin/"
[10:53:21] [REI-ReloadPlugins/DEBUG] [START] Reloading Section: "post-register/FabricFluidAPISupportPlugin/" done in 5.000 μs
[10:53:21] [REI-ReloadPlugins/DEBUG] [START] Reloading Section: "post-register/DefaultRuntimePlugin [roughlyenoughitems]/"
[10:53:21] [REI-ReloadPlugins/DEBUG] [START] Reloading Section: "post-register/DefaultRuntimePlugin [roughlyenoughitems]/" done in 4.500 μs
[10:53:21] [REI-ReloadPlugins/DEBUG] [START] Reloading Section: "post-register/" done in 351.7 μs
[10:53:21] [Render thread/WARN] Suppressing Reload Plugins of stage START
[10:53:22] [REI-ReloadPlugins/DEBUG] [END] Reloading Section: "pre-register/"
[10:53:22] [REI-ReloadPlugins/DEBUG] [END] Reloading Section: "pre-register/DefaultClientPlugin [roughlyenoughitems]/"
[10:53:22] [REI-ReloadPlugins/DEBUG] [END] Reloading Section: "pre-register/DefaultClientPlugin [roughlyenoughitems]/" done in 15.50 μs
[10:53:22] [REI-ReloadPlugins/DEBUG] [END] Reloading Section: "pre-register/DefaultPlugin [roughlyenoughitems]/"
[10:53:22] [REI-ReloadPlugins/DEBUG] [END] Reloading Section: "pre-register/DefaultPlugin [roughlyenoughitems]/" done in 6.100 μs
[10:53:22] [REI-ReloadPlugins/DEBUG] [END] Reloading Section: "pre-register/FabricFluidAPISupportPlugin/"
[10:53:22] [REI-ReloadPlugins/DEBUG] [END] Reloading Section: "pre-register/FabricFluidAPISupportPlugin/" done in 6.500 μs
[10:53:22] [REI-ReloadPlugins/DEBUG] [END] Reloading Section: "pre-register/DefaultClientRuntimePlugin [roughlyenoughitems]/"
[10:53:22] [REI-ReloadPlugins/DEBUG] [END] Reloading Section: "pre-register/DefaultClientRuntimePlugin [roughlyenoughitems]/" done in 6.400 μs
[10:53:22] [REI-ReloadPlugins/DEBUG] [END] Reloading Section: "pre-register/DefaultRuntimePlugin [roughlyenoughitems]/"
[10:53:22] [REI-ReloadPlugins/DEBUG] [END] Reloading Section: "pre-register/DefaultRuntimePlugin [roughlyenoughitems]/" done in 5.900 μs
[10:53:22] [REI-ReloadPlugins/DEBUG] [END] Reloading Section: "pre-register/" done in 797.4 μs
[10:53:22] [REI-ReloadPlugins/DEBUG] [END] Reloading Section: "pre-register/"
[10:53:22] [REI-ReloadPlugins/DEBUG] [END] Reloading Section: "pre-register/DefaultClientPlugin [roughlyenoughitems]/"
[10:53:22] [REI-ReloadPlugins/DEBUG] [END] Reloading Section: "pre-register/DefaultClientPlugin [roughlyenoughitems]/" done in 4.700 μs
[10:53:22] [REI-ReloadPlugins/DEBUG] [END] Reloading Section: "pre-register/DefaultClientRuntimePlugin [roughlyenoughitems]/"
[10:53:22] [REI-ReloadPlugins/DEBUG] [END] Reloading Section: "pre-register/DefaultClientRuntimePlugin [roughlyenoughitems]/" done in 4.400 μs
[10:53:22] [REI-ReloadPlugins/DEBUG] [END] Reloading Section: "pre-register/" done in 181.7 μs
[10:53:22] [REI-ReloadPlugins/DEBUG] [END] Reloading Section: "pre-register/"
[10:53:22] [REI-ReloadPlugins/DEBUG] [END] Reloading Section: "pre-register/DefaultPlugin [roughlyenoughitems]/"
[10:53:22] [REI-ReloadPlugins/DEBUG] [END] Reloading Section: "pre-register/DefaultPlugin [roughlyenoughitems]/" done in 4.700 μs
[10:53:22] [REI-ReloadPlugins/DEBUG] [END] Reloading Section: "pre-register/FabricFluidAPISupportPlugin/"
[10:53:22] [REI-ReloadPlugins/DEBUG] [END] Reloading Section: "pre-register/FabricFluidAPISupportPlugin/" done in 6.200 μs
[10:53:22] [REI-ReloadPlugins/DEBUG] [END] Reloading Section: "pre-register/DefaultRuntimePlugin [roughlyenoughitems]/"
[10:53:22] [REI-ReloadPlugins/DEBUG] [END] Reloading Section: "pre-register/DefaultRuntimePlugin [roughlyenoughitems]/" done in 5.400 μs
[10:53:22] [REI-ReloadPlugins/DEBUG] [END] Reloading Section: "pre-register/" done in 322.2 μs
[10:53:22] [REI-ReloadPlugins/DEBUG] [END] Reloading Section: "start-reload/"
[10:53:22] [REI-ReloadPlugins/DEBUG] [END] Reloading Section: "start-reload/EntryTypeRegistryImpl/"
[10:53:22] [REI-ReloadPlugins/DEBUG] [END] Reloading Section: "start-reload/EntryTypeRegistryImpl/" done in 6.400 μs
[10:53:22] [REI-ReloadPlugins/DEBUG] [END] Reloading Section: "start-reload/EntrySettingsAdapterRegistryImpl/"
[10:53:22] [REI-ReloadPlugins/DEBUG] [END] Reloading Section: "start-reload/EntrySettingsAdapterRegistryImpl/" done in 19.60 μs
[10:53:22] [REI-ReloadPlugins/DEBUG] [END] Reloading Section: "start-reload/RecipeManagerContextImpl/"
[10:53:22] [REI-ReloadPlugins/DEBUG] [END] Reloading Section: "start-reload/RecipeManagerContextImpl/" done in 8.200 μs
[10:53:22] [REI-ReloadPlugins/DEBUG] [END] Reloading Section: "start-reload/ItemComparatorRegistryImpl/"
[10:53:22] [REI-ReloadPlugins/DEBUG] [END] Reloading Section: "start-reload/ItemComparatorRegistryImpl/" done in 5.300 μs
[10:53:22] [REI-ReloadPlugins/DEBUG] [END] Reloading Section: "start-reload/FluidComparatorRegistryImpl/"
[10:53:22] [REI-ReloadPlugins/DEBUG] [END] Reloading Section: "start-reload/FluidComparatorRegistryImpl/" done in 4.500 μs
[10:53:22] [REI-ReloadPlugins/DEBUG] [END] Reloading Section: "start-reload/DisplaySerializerRegistryImpl/"
[10:53:22] [REI-ReloadPlugins/DEBUG] [END] Reloading Section: "start-reload/DisplaySerializerRegistryImpl/" done in 11.40 μs
[10:53:22] [REI-ReloadPlugins/DEBUG] [END] Reloading Section: "start-reload/FluidSupportProviderImpl/"
[10:53:22] [REI-ReloadPlugins/DEBUG] [END] Reloading Section: "start-reload/FluidSupportProviderImpl/" done in 6.400 μs
[10:53:22] [REI-ReloadPlugins/DEBUG] [END] Reloading Section: "start-reload/me.shedaniel.rei.plugin.client.runtime.PluginStageExecutionWatcher$1/"
[10:53:22] [REI-ReloadPlugins/DEBUG] [END] Reloading Section: "start-reload/me.shedaniel.rei.plugin.client.runtime.PluginStageExecutionWatcher$1/" done in 10.40 μs
[10:53:22] [REI-ReloadPlugins/DEBUG] [END] Reloading Section: "start-reload/" done in 916.1 μs
[10:53:22] [REI-ReloadPlugins/INFO] Reloading Plugin Manager [REIPlugin] stage [END], registered 5 plugins: DefaultRuntimePlugin [roughlyenoughitems], DefaultClientRuntimePlugin [roughlyenoughitems], FabricFluidAPISupportPlugin, DefaultPlugin [roughlyenoughitems], DefaultClientPlugin [roughlyenoughitems]
[10:53:22] [REI-ReloadPlugins/DEBUG] [END] Reloading Section: "reloadable-plugin/EntryTypeRegistryImpl/"
[10:53:22] [REI-ReloadPlugins/DEBUG] [END] Reloading Section: "reloadable-plugin/EntryTypeRegistryImpl/DefaultClientPlugin [roughlyenoughitems]/"
[10:53:22] [REI-ReloadPlugins/DEBUG] [END] Reloading Section: "reloadable-plugin/EntryTypeRegistryImpl/DefaultClientPlugin [roughlyenoughitems]/" done in 11.80 μs
[10:53:22] [REI-ReloadPlugins/DEBUG] [END] Reloading Section: "reloadable-plugin/EntryTypeRegistryImpl/DefaultPlugin [roughlyenoughitems]/"
[10:53:22] [REI-ReloadPlugins/DEBUG] [END] Reloading Section: "reloadable-plugin/EntryTypeRegistryImpl/DefaultPlugin [roughlyenoughitems]/" done in 10.00 μs
[10:53:22] [REI-ReloadPlugins/DEBUG] [END] Reloading Section: "reloadable-plugin/EntryTypeRegistryImpl/FabricFluidAPISupportPlugin/"
[10:53:22] [REI-ReloadPlugins/DEBUG] [END] Reloading Section: "reloadable-plugin/EntryTypeRegistryImpl/FabricFluidAPISupportPlugin/" done in 8.300 μs
[10:53:22] [REI-ReloadPlugins/DEBUG] [END] Reloading Section: "reloadable-plugin/EntryTypeRegistryImpl/DefaultClientRuntimePlugin [roughlyenoughitems]/"
[10:53:22] [REI-ReloadPlugins/DEBUG] [END] Reloading Section: "reloadable-plugin/EntryTypeRegistryImpl/DefaultClientRuntimePlugin [roughlyenoughitems]/" done in 7.100 μs
[10:53:22] [REI-ReloadPlugins/DEBUG] [END] Reloading Section: "reloadable-plugin/EntryTypeRegistryImpl/DefaultRuntimePlugin [roughlyenoughitems]/"
[10:53:22] [REI-ReloadPlugins/DEBUG] [END] Reloading Section: "reloadable-plugin/EntryTypeRegistryImpl/DefaultRuntimePlugin [roughlyenoughitems]/" done in 7.200 μs
[10:53:22] [REI-ReloadPlugins/DEBUG] [END] Reloading Section: "reloadable-plugin/EntryTypeRegistryImpl/" done in 679.9 μs
[10:53:22] [REI-ReloadPlugins/DEBUG] [END] Reloading Section: "reloadable-plugin/EntrySettingsAdapterRegistryImpl/"
[10:53:22] [REI-ReloadPlugins/DEBUG] [END] Reloading Section: "reloadable-plugin/EntrySettingsAdapterRegistryImpl/DefaultClientPlugin [roughlyenoughitems]/"
[10:53:22] [REI-ReloadPlugins/DEBUG] [END] Reloading Section: "reloadable-plugin/EntrySettingsAdapterRegistryImpl/DefaultClientPlugin [roughlyenoughitems]/" done in 14.50 μs
[10:53:22] [REI-ReloadPlugins/DEBUG] [END] Reloading Section: "reloadable-plugin/EntrySettingsAdapterRegistryImpl/DefaultPlugin [roughlyenoughitems]/"
[10:53:22] [REI-ReloadPlugins/DEBUG] [END] Reloading Section: "reloadable-plugin/EntrySettingsAdapterRegistryImpl/DefaultPlugin [roughlyenoughitems]/" done in 7.200 μs
[10:53:22] [REI-ReloadPlugins/DEBUG] [END] Reloading Section: "reloadable-plugin/EntrySettingsAdapterRegistryImpl/FabricFluidAPISupportPlugin/"
[10:53:22] [REI-ReloadPlugins/DEBUG] [END] Reloading Section: "reloadable-plugin/EntrySettingsAdapterRegistryImpl/FabricFluidAPISupportPlugin/" done in 7.400 μs
[10:53:22] [REI-ReloadPlugins/DEBUG] [END] Reloading Section: "reloadable-plugin/EntrySettingsAdapterRegistryImpl/DefaultClientRuntimePlugin [roughlyenoughitems]/"
[10:53:22] [REI-ReloadPlugins/DEBUG] [END] Reloading Section: "reloadable-plugin/EntrySettingsAdapterRegistryImpl/DefaultClientRuntimePlugin [roughlyenoughitems]/" done in 6.800 μs
[10:53:22] [REI-ReloadPlugins/DEBUG] [END] Reloading Section: "reloadable-plugin/EntrySettingsAdapterRegistryImpl/DefaultRuntimePlugin [roughlyenoughitems]/"
[10:53:22] [REI-ReloadPlugins/DEBUG] [END] Reloading Section: "reloadable-plugin/EntrySettingsAdapterRegistryImpl/DefaultRuntimePlugin [roughlyenoughitems]/" done in 7.000 μs
[10:53:22] [REI-ReloadPlugins/DEBUG] [END] Reloading Section: "reloadable-plugin/EntrySettingsAdapterRegistryImpl/" done in 493.0 μs
[10:53:22] [REI-ReloadPlugins/DEBUG] [END] Reloading Section: "reloadable-plugin/RecipeManagerContextImpl/"
[10:53:22] [REI-ReloadPlugins/DEBUG] [END] Reloading Section: "reloadable-plugin/RecipeManagerContextImpl/DefaultClientPlugin [roughlyenoughitems]/"
[10:53:22] [REI-ReloadPlugins/DEBUG] [END] Reloading Section: "reloadable-plugin/RecipeManagerContextImpl/DefaultClientPlugin [roughlyenoughitems]/" done in 8.700 μs
[10:53:22] [REI-ReloadPlugins/DEBUG] [END] Reloading Section: "reloadable-plugin/RecipeManagerContextImpl/DefaultPlugin [roughlyenoughitems]/"
[10:53:22] [REI-ReloadPlugins/DEBUG] [END] Reloading Section: "reloadable-plugin/RecipeManagerContextImpl/DefaultPlugin [roughlyenoughitems]/" done in 9.100 μs
[10:53:22] [REI-ReloadPlugins/DEBUG] [END] Reloading Section: "reloadable-plugin/RecipeManagerContextImpl/FabricFluidAPISupportPlugin/"
[10:53:22] [REI-ReloadPlugins/DEBUG] [END] Reloading Section: "reloadable-plugin/RecipeManagerContextImpl/FabricFluidAPISupportPlugin/" done in 8.800 μs
[10:53:22] [REI-ReloadPlugins/DEBUG] [END] Reloading Section: "reloadable-plugin/RecipeManagerContextImpl/DefaultClientRuntimePlugin [roughlyenoughitems]/"
[10:53:22] [REI-ReloadPlugins/DEBUG] [END] Reloading Section: "reloadable-plugin/RecipeManagerContextImpl/DefaultClientRuntimePlugin [roughlyenoughitems]/" done in 8.900 μs
[10:53:22] [REI-ReloadPlugins/DEBUG] [END] Reloading Section: "reloadable-plugin/RecipeManagerContextImpl/DefaultRuntimePlugin [roughlyenoughitems]/"
[10:53:22] [REI-ReloadPlugins/DEBUG] [END] Reloading Section: "reloadable-plugin/RecipeManagerContextImpl/DefaultRuntimePlugin [roughlyenoughitems]/" done in 8.400 μs
[10:53:22] [REI-ReloadPlugins/DEBUG] [END] Reloading Section: "reloadable-plugin/RecipeManagerContextImpl/" done in 694.5 μs
[10:53:22] [REI-ReloadPlugins/DEBUG] [END] Reloading Section: "reloadable-plugin/ItemComparatorRegistryImpl/"
[10:53:22] [REI-ReloadPlugins/DEBUG] [END] Reloading Section: "reloadable-plugin/ItemComparatorRegistryImpl/DefaultClientPlugin [roughlyenoughitems]/"
[10:53:22] [REI-ReloadPlugins/DEBUG] [END] Reloading Section: "reloadable-plugin/ItemComparatorRegistryImpl/DefaultClientPlugin [roughlyenoughitems]/" done in 6.800 μs
[10:53:22] [REI-ReloadPlugins/DEBUG] [END] Reloading Section: "reloadable-plugin/ItemComparatorRegistryImpl/DefaultPlugin [roughlyenoughitems]/"
[10:53:22] [REI-ReloadPlugins/DEBUG] [END] Reloading Section: "reloadable-plugin/ItemComparatorRegistryImpl/DefaultPlugin [roughlyenoughitems]/" done in 6.900 μs
[10:53:22] [REI-ReloadPlugins/DEBUG] [END] Reloading Section: "reloadable-plugin/ItemComparatorRegistryImpl/FabricFluidAPISupportPlugin/"
[10:53:22] [REI-ReloadPlugins/DEBUG] [END] Reloading Section: "reloadable-plugin/ItemComparatorRegistryImpl/FabricFluidAPISupportPlugin/" done in 6.500 μs
[10:53:22] [REI-ReloadPlugins/DEBUG] [END] Reloading Section: "reloadable-plugin/ItemComparatorRegistryImpl/DefaultClientRuntimePlugin [roughlyenoughitems]/"
[10:53:22] [REI-ReloadPlugins/DEBUG] [END] Reloading Section: "reloadable-plugin/ItemComparatorRegistryImpl/DefaultClientRuntimePlugin [roughlyenoughitems]/" done in 8.700 μs
[10:53:22] [REI-ReloadPlugins/DEBUG] [END] Reloading Section: "reloadable-plugin/ItemComparatorRegistryImpl/DefaultRuntimePlugin [roughlyenoughitems]/"
[10:53:22] [REI-ReloadPlugins/DEBUG] [END] Reloading Section: "reloadable-plugin/ItemComparatorRegistryImpl/DefaultRuntimePlugin [roughlyenoughitems]/" done in 8.400 μs
[10:53:22] [REI-ReloadPlugins/DEBUG] [END] Reloading Section: "reloadable-plugin/ItemComparatorRegistryImpl/" done in 515.2 μs
[10:53:22] [REI-ReloadPlugins/DEBUG] [END] Reloading Section: "reloadable-plugin/FluidComparatorRegistryImpl/"
[10:53:22] [REI-ReloadPlugins/DEBUG] [END] Reloading Section: "reloadable-plugin/FluidComparatorRegistryImpl/DefaultClientPlugin [roughlyenoughitems]/"
[10:53:22] [REI-ReloadPlugins/DEBUG] [END] Reloading Section: "reloadable-plugin/FluidComparatorRegistryImpl/DefaultClientPlugin [roughlyenoughitems]/" done in 7.600 μs
[10:53:22] [REI-ReloadPlugins/DEBUG] [END] Reloading Section: "reloadable-plugin/FluidComparatorRegistryImpl/DefaultPlugin [roughlyenoughitems]/"
[10:53:22] [REI-ReloadPlugins/DEBUG] [END] Reloading Section: "reloadable-plugin/FluidComparatorRegistryImpl/DefaultPlugin [roughlyenoughitems]/" done in 8.200 μs
[10:53:22] [REI-ReloadPlugins/DEBUG] [END] Reloading Section: "reloadable-plugin/FluidComparatorRegistryImpl/FabricFluidAPISupportPlugin/"
[10:53:22] [REI-ReloadPlugins/DEBUG] [END] Reloading Section: "reloadable-plugin/FluidComparatorRegistryImpl/FabricFluidAPISupportPlugin/" done in 8.100 μs
[10:53:22] [REI-ReloadPlugins/DEBUG] [END] Reloading Section: "reloadable-plugin/FluidComparatorRegistryImpl/DefaultClientRuntimePlugin [roughlyenoughitems]/"
[10:53:22] [REI-ReloadPlugins/DEBUG] [END] Reloading Section: "reloadable-plugin/FluidComparatorRegistryImpl/DefaultClientRuntimePlugin [roughlyenoughitems]/" done in 8.400 μs
[10:53:22] [REI-ReloadPlugins/DEBUG] [END] Reloading Section: "reloadable-plugin/FluidComparatorRegistryImpl/DefaultRuntimePlugin [roughlyenoughitems]/"
[10:53:22] [REI-ReloadPlugins/DEBUG] [END] Reloading Section: "reloadable-plugin/FluidComparatorRegistryImpl/DefaultRuntimePlugin [roughlyenoughitems]/" done in 8.400 μs
[10:53:22] [REI-ReloadPlugins/DEBUG] [END] Reloading Section: "reloadable-plugin/FluidComparatorRegistryImpl/" done in 589.2 μs
[10:53:22] [REI-ReloadPlugins/DEBUG] [END] Reloading Section: "reloadable-plugin/DisplaySerializerRegistryImpl/"
[10:53:22] [REI-ReloadPlugins/DEBUG] [END] Reloading Section: "reloadable-plugin/DisplaySerializerRegistryImpl/DefaultClientPlugin [roughlyenoughitems]/"
[10:53:22] [REI-ReloadPlugins/DEBUG] [END] Reloading Section: "reloadable-plugin/DisplaySerializerRegistryImpl/DefaultClientPlugin [roughlyenoughitems]/" done in 24.60 μs
[10:53:22] [REI-ReloadPlugins/DEBUG] [END] Reloading Section: "reloadable-plugin/DisplaySerializerRegistryImpl/DefaultPlugin [roughlyenoughitems]/"
[10:53:22] [REI-ReloadPlugins/DEBUG] [END] Reloading Section: "reloadable-plugin/DisplaySerializerRegistryImpl/DefaultPlugin [roughlyenoughitems]/" done in 15.78 ms
[10:53:22] [REI-ReloadPlugins/DEBUG] [END] Reloading Section: "reloadable-plugin/DisplaySerializerRegistryImpl/FabricFluidAPISupportPlugin/"
[10:53:22] [REI-ReloadPlugins/DEBUG] [END] Reloading Section: "reloadable-plugin/DisplaySerializerRegistryImpl/FabricFluidAPISupportPlugin/" done in 10.60 μs
[10:53:22] [REI-ReloadPlugins/DEBUG] [END] Reloading Section: "reloadable-plugin/DisplaySerializerRegistryImpl/DefaultClientRuntimePlugin [roughlyenoughitems]/"
[10:53:22] [REI-ReloadPlugins/DEBUG] [END] Reloading Section: "reloadable-plugin/DisplaySerializerRegistryImpl/DefaultClientRuntimePlugin [roughlyenoughitems]/" done in 7.400 μs
[10:53:22] [REI-ReloadPlugins/DEBUG] [END] Reloading Section: "reloadable-plugin/DisplaySerializerRegistryImpl/DefaultRuntimePlugin [roughlyenoughitems]/"
[10:53:22] [REI-ReloadPlugins/DEBUG] [END] Reloading Section: "reloadable-plugin/DisplaySerializerRegistryImpl/DefaultRuntimePlugin [roughlyenoughitems]/" done in 6.700 μs
[10:53:22] [REI-ReloadPlugins/DEBUG] [END] Reloading Section: "reloadable-plugin/DisplaySerializerRegistryImpl/" done in 16.56 ms
[10:53:22] [REI-ReloadPlugins/DEBUG] [END] Reloading Section: "reloadable-plugin/FluidSupportProviderImpl/"
[10:53:22] [REI-ReloadPlugins/DEBUG] [END] Reloading Section: "reloadable-plugin/FluidSupportProviderImpl/DefaultClientPlugin [roughlyenoughitems]/"
[10:53:22] [REI-ReloadPlugins/DEBUG] [END] Reloading Section: "reloadable-plugin/FluidSupportProviderImpl/DefaultClientPlugin [roughlyenoughitems]/" done in 6.100 μs
[10:53:22] [REI-ReloadPlugins/DEBUG] [END] Reloading Section: "reloadable-plugin/FluidSupportProviderImpl/DefaultPlugin [roughlyenoughitems]/"
[10:53:22] [REI-ReloadPlugins/DEBUG] [END] Reloading Section: "reloadable-plugin/FluidSupportProviderImpl/DefaultPlugin [roughlyenoughitems]/" done in 6.300 μs
[10:53:22] [REI-ReloadPlugins/DEBUG] [END] Reloading Section: "reloadable-plugin/FluidSupportProviderImpl/FabricFluidAPISupportPlugin/"
[10:53:22] [REI-ReloadPlugins/DEBUG] [END] Reloading Section: "reloadable-plugin/FluidSupportProviderImpl/FabricFluidAPISupportPlugin/" done in 6.400 μs
[10:53:22] [REI-ReloadPlugins/DEBUG] [END] Reloading Section: "reloadable-plugin/FluidSupportProviderImpl/DefaultClientRuntimePlugin [roughlyenoughitems]/"
[10:53:22] [REI-ReloadPlugins/DEBUG] [END] Reloading Section: "reloadable-plugin/FluidSupportProviderImpl/DefaultClientRuntimePlugin [roughlyenoughitems]/" done in 6.300 μs
[10:53:22] [REI-ReloadPlugins/DEBUG] [END] Reloading Section: "reloadable-plugin/FluidSupportProviderImpl/DefaultRuntimePlugin [roughlyenoughitems]/"
[10:53:22] [REI-ReloadPlugins/DEBUG] [END] Reloading Section: "reloadable-plugin/FluidSupportProviderImpl/DefaultRuntimePlugin [roughlyenoughitems]/" done in 6.400 μs
[10:53:22] [REI-ReloadPlugins/DEBUG] [END] Reloading Section: "reloadable-plugin/FluidSupportProviderImpl/" done in 430.2 μs
[10:53:22] [REI-ReloadPlugins/DEBUG] [END] Reloading Section: "reloadable-plugin/me.shedaniel.rei.plugin.client.runtime.PluginStageExecutionWatcher$1/"
[10:53:22] [REI-ReloadPlugins/DEBUG] [END] Reloading Section: "reloadable-plugin/me.shedaniel.rei.plugin.client.runtime.PluginStageExecutionWatcher$1/DefaultClientPlugin [roughlyenoughitems]/"
[10:53:22] [REI-ReloadPlugins/DEBUG] [END] Reloading Section: "reloadable-plugin/me.shedaniel.rei.plugin.client.runtime.PluginStageExecutionWatcher$1/DefaultClientPlugin [roughlyenoughitems]/" done in 6.100 μs
[10:53:22] [REI-ReloadPlugins/DEBUG] [END] Reloading Section: "reloadable-plugin/me.shedaniel.rei.plugin.client.runtime.PluginStageExecutionWatcher$1/DefaultPlugin [roughlyenoughitems]/"
[10:53:22] [REI-ReloadPlugins/DEBUG] [END] Reloading Section: "reloadable-plugin/me.shedaniel.rei.plugin.client.runtime.PluginStageExecutionWatcher$1/DefaultPlugin [roughlyenoughitems]/" done in 6.400 μs
[10:53:22] [REI-ReloadPlugins/DEBUG] [END] Reloading Section: "reloadable-plugin/me.shedaniel.rei.plugin.client.runtime.PluginStageExecutionWatcher$1/FabricFluidAPISupportPlugin/"
[10:53:22] [REI-ReloadPlugins/DEBUG] [END] Reloading Section: "reloadable-plugin/me.shedaniel.rei.plugin.client.runtime.PluginStageExecutionWatcher$1/FabricFluidAPISupportPlugin/" done in 13.10 μs
[10:53:22] [REI-ReloadPlugins/DEBUG] [END] Reloading Section: "reloadable-plugin/me.shedaniel.rei.plugin.client.runtime.PluginStageExecutionWatcher$1/DefaultClientRuntimePlugin [roughlyenoughitems]/"
[10:53:22] [REI-ReloadPlugins/DEBUG] [END] Reloading Section: "reloadable-plugin/me.shedaniel.rei.plugin.client.runtime.PluginStageExecutionWatcher$1/DefaultClientRuntimePlugin [roughlyenoughitems]/" done in 8.300 μs
[10:53:22] [REI-ReloadPlugins/DEBUG] [END] Reloading Section: "reloadable-plugin/me.shedaniel.rei.plugin.client.runtime.PluginStageExecutionWatcher$1/DefaultRuntimePlugin [roughlyenoughitems]/"
[10:53:22] [REI-ReloadPlugins/DEBUG] [END] Reloading Section: "reloadable-plugin/me.shedaniel.rei.plugin.client.runtime.PluginStageExecutionWatcher$1/DefaultRuntimePlugin [roughlyenoughitems]/" done in 6.000 μs
[10:53:22] [REI-ReloadPlugins/DEBUG] [END] Reloading Section: "reloadable-plugin/me.shedaniel.rei.plugin.client.runtime.PluginStageExecutionWatcher$1/" done in 438.8 μs
[10:53:22] [REI-ReloadPlugins/DEBUG] [END] Reloading Section: "end-reload/"
[10:53:22] [REI-ReloadPlugins/DEBUG] [END] Reloading Section: "end-reload/EntryTypeRegistryImpl/"
[10:53:22] [REI-ReloadPlugins/DEBUG] [END] Reloading Section: "end-reload/EntryTypeRegistryImpl/" done in 3.800 μs
[10:53:22] [REI-ReloadPlugins/DEBUG] [END] Reloading Section: "end-reload/EntrySettingsAdapterRegistryImpl/"
[10:53:22] [REI-ReloadPlugins/DEBUG] [END] Reloading Section: "end-reload/EntrySettingsAdapterRegistryImpl/" done in 3.900 μs
[10:53:22] [REI-ReloadPlugins/DEBUG] [END] Reloading Section: "end-reload/RecipeManagerContextImpl/"
[10:53:22] [REI-ReloadPlugins/DEBUG] [END] Reloading Section: "end-reload/RecipeManagerContextImpl/" done in 3.700 μs
[10:53:22] [REI-ReloadPlugins/DEBUG] [END] Reloading Section: "end-reload/ItemComparatorRegistryImpl/"
[10:53:22] [REI-ReloadPlugins/DEBUG] [END] Reloading Section: "end-reload/ItemComparatorRegistryImpl/" done in 3.800 μs
[10:53:22] [REI-ReloadPlugins/DEBUG] [END] Reloading Section: "end-reload/FluidComparatorRegistryImpl/"
[10:53:22] [REI-ReloadPlugins/DEBUG] [END] Reloading Section: "end-reload/FluidComparatorRegistryImpl/" done in 3.600 μs
[10:53:22] [REI-ReloadPlugins/DEBUG] [END] Reloading Section: "end-reload/DisplaySerializerRegistryImpl/"
[10:53:22] [REI-ReloadPlugins/DEBUG] [END] Reloading Section: "end-reload/DisplaySerializerRegistryImpl/" done in 3.800 μs
[10:53:22] [REI-ReloadPlugins/DEBUG] [END] Reloading Section: "end-reload/FluidSupportProviderImpl/"
[10:53:22] [REI-ReloadPlugins/DEBUG] [END] Reloading Section: "end-reload/FluidSupportProviderImpl/" done in 3.800 μs
[10:53:22] [REI-ReloadPlugins/DEBUG] [END] Reloading Section: "end-reload/me.shedaniel.rei.plugin.client.runtime.PluginStageExecutionWatcher$1/"
[10:53:22] [REI-ReloadPlugins/DEBUG] [END] Reloading Section: "end-reload/me.shedaniel.rei.plugin.client.runtime.PluginStageExecutionWatcher$1/" done in 6.000 μs
[10:53:22] [REI-ReloadPlugins/DEBUG] [END] Reloading Section: "end-reload/" done in 670.8 μs
[10:53:22] [REI-ReloadPlugins/INFO] Reloaded Plugin Manager [REIPlugin] with 2 entry types, 5 item comparators, 0 fluid comparators and 2 fluid support providers in 23ms.
[10:53:22] [REI-ReloadPlugins/DEBUG] [END] Reloading Section: "start-reload/"
[10:53:22] [REI-ReloadPlugins/DEBUG] [END] Reloading Section: "start-reload/EntryRendererRegistryImpl/"
[10:53:22] [REI-ReloadPlugins/DEBUG] [END] Reloading Section: "start-reload/EntryRendererRegistryImpl/" done in 924.2 μs
[10:53:22] [REI-ReloadPlugins/DEBUG] [END] Reloading Section: "start-reload/ViewsImpl/"
[10:53:22] [REI-ReloadPlugins/DEBUG] [END] Reloading Section: "start-reload/ViewsImpl/" done in 11.20 μs
[10:53:22] [REI-ReloadPlugins/DEBUG] [END] Reloading Section: "start-reload/SearchProviderImpl/"
[10:53:22] [REI-ReloadPlugins/DEBUG] [END] Reloading Section: "start-reload/SearchProviderImpl/" done in 5.200 μs
[10:53:22] [REI-ReloadPlugins/DEBUG] [END] Reloading Section: "start-reload/ConfigManagerImpl/"
[10:53:22] [REI-ReloadPlugins/DEBUG] [END] Reloading Section: "start-reload/ConfigManagerImpl/" done in 6.700 μs
[10:53:22] [REI-ReloadPlugins/DEBUG] [END] Reloading Section: "start-reload/EntryRegistryImpl/"
[10:53:22] [REI-ReloadPlugins/DEBUG] [END] Reloading Section: "start-reload/EntryRegistryImpl/" done in 4.200 μs
[10:53:22] [REI-ReloadPlugins/DEBUG] [END] Reloading Section: "start-reload/CategoryRegistryImpl/"
[10:53:22] [REI-ReloadPlugins/DEBUG] [END] Reloading Section: "start-reload/CategoryRegistryImpl/" done in 17.40 μs
[10:53:22] [REI-ReloadPlugins/DEBUG] [END] Reloading Section: "start-reload/DisplayRegistryImpl/"
[10:53:22] [REI-ReloadPlugins/DEBUG] [END] Reloading Section: "start-reload/DisplayRegistryImpl/" done in 19.30 μs
[10:53:22] [REI-ReloadPlugins/DEBUG] [END] Reloading Section: "start-reload/ScreenRegistryImpl/"
[10:53:22] [REI-ReloadPlugins/DEBUG] [END] Reloading Section: "start-reload/ScreenRegistryImpl/" done in 4.400 μs
[10:53:22] [REI-ReloadPlugins/DEBUG] [END] Reloading Section: "start-reload/FavoriteEntryTypeRegistryImpl/"
[10:53:22] [REI-ReloadPlugins/DEBUG] [END] Reloading Section: "start-reload/FavoriteEntryTypeRegistryImpl/" done in 4.000 μs
[10:53:22] [REI-ReloadPlugins/DEBUG] [END] Reloading Section: "start-reload/SubsetsRegistryImpl/"
[10:53:22] [REI-ReloadPlugins/DEBUG] [END] Reloading Section: "start-reload/SubsetsRegistryImpl/" done in 4.500 μs
[10:53:22] [REI-ReloadPlugins/DEBUG] [END] Reloading Section: "start-reload/TransferHandlerRegistryImpl/"
[10:53:22] [REI-ReloadPlugins/DEBUG] [END] Reloading Section: "start-reload/TransferHandlerRegistryImpl/" done in 9.000 μs
[10:53:22] [REI-ReloadPlugins/DEBUG] [END] Reloading Section: "start-reload/REIRuntimeImpl/"
[10:53:22] [REI-ReloadPlugins/DEBUG] [END] Reloading Section: "start-reload/REIRuntimeImpl/" done in 11.90 μs
[10:53:22] [REI-ReloadPlugins/DEBUG] [END] Reloading Section: "start-reload/me.shedaniel.rei.plugin.client.runtime.PluginStageExecutionWatcher$1/"
[10:53:22] [REI-ReloadPlugins/DEBUG] [END] Reloading Section: "start-reload/me.shedaniel.rei.plugin.client.runtime.PluginStageExecutionWatcher$1/" done in 7.800 μs
[10:53:22] [REI-ReloadPlugins/DEBUG] [END] Reloading Section: "start-reload/" done in 2.090 ms
[10:53:22] [REI-ReloadPlugins/INFO] Reloading Plugin Manager [REIClientPlugin] stage [END], registered 2 plugins: DefaultClientRuntimePlugin [roughlyenoughitems], DefaultClientPlugin [roughlyenoughitems]
[10:53:22] [REI-ReloadPlugins/DEBUG] [END] Reloading Section: "reloadable-plugin/EntryRendererRegistryImpl/"
[10:53:22] [REI-ReloadPlugins/DEBUG] [END] Reloading Section: "reloadable-plugin/EntryRendererRegistryImpl/DefaultClientPlugin [roughlyenoughitems]/"
[10:53:22] [REI-ReloadPlugins/DEBUG] [END] Reloading Section: "reloadable-plugin/EntryRendererRegistryImpl/DefaultClientPlugin [roughlyenoughitems]/" done in 18.40 μs
[10:53:22] [REI-ReloadPlugins/DEBUG] [END] Reloading Section: "reloadable-plugin/EntryRendererRegistryImpl/DefaultClientRuntimePlugin [roughlyenoughitems]/"
[10:53:22] [REI-ReloadPlugins/DEBUG] [END] Reloading Section: "reloadable-plugin/EntryRendererRegistryImpl/DefaultClientRuntimePlugin [roughlyenoughitems]/" done in 7.900 μs
[10:53:22] [REI-ReloadPlugins/DEBUG] [END] Reloading Section: "reloadable-plugin/EntryRendererRegistryImpl/" done in 193.8 μs
[10:53:22] [REI-ReloadPlugins/DEBUG] [END] Reloading Section: "reloadable-plugin/ViewsImpl/"
[10:53:22] [REI-ReloadPlugins/DEBUG] [END] Reloading Section: "reloadable-plugin/ViewsImpl/DefaultClientPlugin [roughlyenoughitems]/"
[10:53:22] [REI-ReloadPlugins/DEBUG] [END] Reloading Section: "reloadable-plugin/ViewsImpl/DefaultClientPlugin [roughlyenoughitems]/" done in 8.800 μs
[10:53:22] [REI-ReloadPlugins/DEBUG] [END] Reloading Section: "reloadable-plugin/ViewsImpl/DefaultClientRuntimePlugin [roughlyenoughitems]/"
[10:53:22] [REI-ReloadPlugins/DEBUG] [END] Reloading Section: "reloadable-plugin/ViewsImpl/DefaultClientRuntimePlugin [roughlyenoughitems]/" done in 7.900 μs
[10:53:22] [REI-ReloadPlugins/DEBUG] [END] Reloading Section: "reloadable-plugin/ViewsImpl/" done in 231.0 μs
[10:53:22] [REI-ReloadPlugins/DEBUG] [END] Reloading Section: "reloadable-plugin/SearchProviderImpl/"
[10:53:22] [REI-ReloadPlugins/DEBUG] [END] Reloading Section: "reloadable-plugin/SearchProviderImpl/DefaultClientPlugin [roughlyenoughitems]/"
[10:53:22] [REI-ReloadPlugins/DEBUG] [END] Reloading Section: "reloadable-plugin/SearchProviderImpl/DefaultClientPlugin [roughlyenoughitems]/" done in 6.800 μs
[10:53:22] [REI-ReloadPlugins/DEBUG] [END] Reloading Section: "reloadable-plugin/SearchProviderImpl/DefaultClientRuntimePlugin [roughlyenoughitems]/"
[10:53:22] [REI-ReloadPlugins/DEBUG] [END] Reloading Section: "reloadable-plugin/SearchProviderImpl/DefaultClientRuntimePlugin [roughlyenoughitems]/" done in 8.900 μs
[10:53:22] [REI-ReloadPlugins/DEBUG] [END] Reloading Section: "reloadable-plugin/SearchProviderImpl/" done in 176.3 μs
[10:53:22] [REI-ReloadPlugins/DEBUG] [END] Reloading Section: "reloadable-plugin/ConfigManagerImpl/"
[10:53:22] [REI-ReloadPlugins/DEBUG] [END] Reloading Section: "reloadable-plugin/ConfigManagerImpl/DefaultClientPlugin [roughlyenoughitems]/"
[10:53:22] [REI-ReloadPlugins/DEBUG] [END] Reloading Section: "reloadable-plugin/ConfigManagerImpl/DefaultClientPlugin [roughlyenoughitems]/" done in 6.600 μs
[10:53:22] [REI-ReloadPlugins/DEBUG] [END] Reloading Section: "reloadable-plugin/ConfigManagerImpl/DefaultClientRuntimePlugin [roughlyenoughitems]/"
[10:53:22] [REI-ReloadPlugins/DEBUG] [END] Reloading Section: "reloadable-plugin/ConfigManagerImpl/DefaultClientRuntimePlugin [roughlyenoughitems]/" done in 7.300 μs
[10:53:22] [REI-ReloadPlugins/DEBUG] [END] Reloading Section: "reloadable-plugin/ConfigManagerImpl/" done in 168.5 μs
[10:53:22] [REI-ReloadPlugins/DEBUG] [END] Reloading Section: "reloadable-plugin/EntryRegistryImpl/"
[10:53:22] [REI-ReloadPlugins/DEBUG] [END] Reloading Section: "reloadable-plugin/EntryRegistryImpl/DefaultClientPlugin [roughlyenoughitems]/"
[10:53:22] [REI-ReloadPlugins/DEBUG] [END] Reloading Section: "reloadable-plugin/EntryRegistryImpl/DefaultClientPlugin [roughlyenoughitems]/" done in 7.000 μs
[10:53:22] [REI-ReloadPlugins/DEBUG] [END] Reloading Section: "reloadable-plugin/EntryRegistryImpl/DefaultClientRuntimePlugin [roughlyenoughitems]/"
[10:53:22] [REI-ReloadPlugins/DEBUG] [END] Reloading Section: "reloadable-plugin/EntryRegistryImpl/DefaultClientRuntimePlugin [roughlyenoughitems]/" done in 8.600 μs
[10:53:22] [REI-ReloadPlugins/DEBUG] [END] Reloading Section: "reloadable-plugin/EntryRegistryImpl/" done in 197.0 μs
[10:53:22] [REI-ReloadPlugins/DEBUG] [END] Reloading Section: "reloadable-plugin/CategoryRegistryImpl/"
[10:53:22] [REI-ReloadPlugins/DEBUG] [END] Reloading Section: "reloadable-plugin/CategoryRegistryImpl/DefaultClientPlugin [roughlyenoughitems]/"
[10:53:22] [REI-ReloadPlugins/DEBUG] [END] Reloading Section: "reloadable-plugin/CategoryRegistryImpl/DefaultClientPlugin [roughlyenoughitems]/" done in 15.83 ms
[10:53:22] [REI-ReloadPlugins/DEBUG] [END] Reloading Section: "reloadable-plugin/CategoryRegistryImpl/DefaultClientRuntimePlugin [roughlyenoughitems]/"
[10:53:22] [REI-ReloadPlugins/DEBUG] [END] Reloading Section: "reloadable-plugin/CategoryRegistryImpl/DefaultClientRuntimePlugin [roughlyenoughitems]/" done in 11.40 μs
[10:53:22] [REI-ReloadPlugins/DEBUG] [END] Reloading Section: "reloadable-plugin/CategoryRegistryImpl/" done in 16.16 ms
[10:53:22] [REI-ReloadPlugins/DEBUG] [END] Reloading Section: "reloadable-plugin/DisplayRegistryImpl/"
[10:53:22] [REI-ReloadPlugins/DEBUG] [END] Reloading Section: "reloadable-plugin/DisplayRegistryImpl/DefaultClientPlugin [roughlyenoughitems]/"
[10:53:22] [REI-ReloadPlugins/DEBUG] [END] Reloading Section: "reloadable-plugin/DisplayRegistryImpl/DefaultClientPlugin [roughlyenoughitems]/" done in 40.33 ms
[10:53:22] [REI-ReloadPlugins/DEBUG] [END] Reloading Section: "reloadable-plugin/DisplayRegistryImpl/DefaultClientRuntimePlugin [roughlyenoughitems]/"
[10:53:22] [REI-ReloadPlugins/DEBUG] Computed existing filtered displays with 1 rules in 9.486 ms
[10:53:22] [REI-ReloadPlugins/DEBUG] [END] Reloading Section: "reloadable-plugin/DisplayRegistryImpl/DefaultClientRuntimePlugin [roughlyenoughitems]/" done in 9.739 ms
[10:53:22] [REI-ReloadPlugins/DEBUG] [END] Reloading Section: "reloadable-plugin/DisplayRegistryImpl/" done in 50.52 ms
[10:53:22] [REI-ReloadPlugins/DEBUG] [END] Reloading Section: "reloadable-plugin/ScreenRegistryImpl/"
[10:53:22] [REI-ReloadPlugins/DEBUG] [END] Reloading Section: "reloadable-plugin/ScreenRegistryImpl/DefaultClientPlugin [roughlyenoughitems]/"
[10:53:22] [REI-ReloadPlugins/DEBUG] [END] Reloading Section: "reloadable-plugin/ScreenRegistryImpl/DefaultClientPlugin [roughlyenoughitems]/" done in 7.500 μs
[10:53:22] [REI-ReloadPlugins/DEBUG] [END] Reloading Section: "reloadable-plugin/ScreenRegistryImpl/DefaultClientRuntimePlugin [roughlyenoughitems]/"
[10:53:22] [REI-ReloadPlugins/DEBUG] [END] Reloading Section: "reloadable-plugin/ScreenRegistryImpl/DefaultClientRuntimePlugin [roughlyenoughitems]/" done in 51.40 μs
[10:53:22] [REI-ReloadPlugins/DEBUG] [END] Reloading Section: "reloadable-plugin/ScreenRegistryImpl/" done in 246.3 μs
[10:53:22] [REI-ReloadPlugins/DEBUG] [END] Reloading Section: "reloadable-plugin/FavoriteEntryTypeRegistryImpl/"
[10:53:22] [REI-ReloadPlugins/DEBUG] [END] Reloading Section: "reloadable-plugin/FavoriteEntryTypeRegistryImpl/DefaultClientPlugin [roughlyenoughitems]/"
[10:53:22] [REI-ReloadPlugins/DEBUG] [END] Reloading Section: "reloadable-plugin/FavoriteEntryTypeRegistryImpl/DefaultClientPlugin [roughlyenoughitems]/" done in 6.600 μs
[10:53:22] [REI-ReloadPlugins/DEBUG] [END] Reloading Section: "reloadable-plugin/FavoriteEntryTypeRegistryImpl/DefaultClientRuntimePlugin [roughlyenoughitems]/"
[10:53:22] [REI-ReloadPlugins/DEBUG] [END] Reloading Section: "reloadable-plugin/FavoriteEntryTypeRegistryImpl/DefaultClientRuntimePlugin [roughlyenoughitems]/" done in 6.800 μs
[10:53:22] [REI-ReloadPlugins/DEBUG] [END] Reloading Section: "reloadable-plugin/FavoriteEntryTypeRegistryImpl/" done in 154.9 μs
[10:53:22] [REI-ReloadPlugins/DEBUG] [END] Reloading Section: "reloadable-plugin/SubsetsRegistryImpl/"
[10:53:22] [REI-ReloadPlugins/DEBUG] [END] Reloading Section: "reloadable-plugin/SubsetsRegistryImpl/DefaultClientPlugin [roughlyenoughitems]/"
[10:53:22] [REI-ReloadPlugins/DEBUG] [END] Reloading Section: "reloadable-plugin/SubsetsRegistryImpl/DefaultClientPlugin [roughlyenoughitems]/" done in 6.500 μs
[10:53:22] [REI-ReloadPlugins/DEBUG] [END] Reloading Section: "reloadable-plugin/SubsetsRegistryImpl/DefaultClientRuntimePlugin [roughlyenoughitems]/"
[10:53:22] [REI-ReloadPlugins/DEBUG] [END] Reloading Section: "reloadable-plugin/SubsetsRegistryImpl/DefaultClientRuntimePlugin [roughlyenoughitems]/" done in 6.700 μs
[10:53:22] [REI-ReloadPlugins/DEBUG] [END] Reloading Section: "reloadable-plugin/SubsetsRegistryImpl/" done in 153.9 μs
[10:53:22] [REI-ReloadPlugins/DEBUG] [END] Reloading Section: "reloadable-plugin/TransferHandlerRegistryImpl/"
[10:53:22] [REI-ReloadPlugins/DEBUG] [END] Reloading Section: "reloadable-plugin/TransferHandlerRegistryImpl/DefaultClientPlugin [roughlyenoughitems]/"
[10:53:22] [REI-ReloadPlugins/DEBUG] [END] Reloading Section: "reloadable-plugin/TransferHandlerRegistryImpl/DefaultClientPlugin [roughlyenoughitems]/" done in 605.1 μs
[10:53:22] [REI-ReloadPlugins/DEBUG] [END] Reloading Section: "reloadable-plugin/TransferHandlerRegistryImpl/DefaultClientRuntimePlugin [roughlyenoughitems]/"
[10:53:22] [REI-ReloadPlugins/DEBUG] [END] Reloading Section: "reloadable-plugin/TransferHandlerRegistryImpl/DefaultClientRuntimePlugin [roughlyenoughitems]/" done in 891.3 μs
[10:53:22] [REI-ReloadPlugins/DEBUG] [END] Reloading Section: "reloadable-plugin/TransferHandlerRegistryImpl/" done in 1.716 ms
[10:53:22] [REI-ReloadPlugins/DEBUG] [END] Reloading Section: "reloadable-plugin/REIRuntimeImpl/"
[10:53:22] [REI-ReloadPlugins/DEBUG] [END] Reloading Section: "reloadable-plugin/REIRuntimeImpl/DefaultClientPlugin [roughlyenoughitems]/"
[10:53:22] [REI-ReloadPlugins/DEBUG] [END] Reloading Section: "reloadable-plugin/REIRuntimeImpl/DefaultClientPlugin [roughlyenoughitems]/" done in 7.100 μs
[10:53:22] [REI-ReloadPlugins/DEBUG] [END] Reloading Section: "reloadable-plugin/REIRuntimeImpl/DefaultClientRuntimePlugin [roughlyenoughitems]/"
[10:53:22] [REI-ReloadPlugins/DEBUG] [END] Reloading Section: "reloadable-plugin/REIRuntimeImpl/DefaultClientRuntimePlugin [roughlyenoughitems]/" done in 6.600 μs
[10:53:22] [REI-ReloadPlugins/DEBUG] [END] Reloading Section: "reloadable-plugin/REIRuntimeImpl/" done in 191.5 μs
[10:53:22] [REI-ReloadPlugins/DEBUG] [END] Reloading Section: "reloadable-plugin/me.shedaniel.rei.plugin.client.runtime.PluginStageExecutionWatcher$1/"
[10:53:22] [REI-ReloadPlugins/DEBUG] [END] Reloading Section: "reloadable-plugin/me.shedaniel.rei.plugin.client.runtime.PluginStageExecutionWatcher$1/DefaultClientPlugin [roughlyenoughitems]/"
[10:53:22] [REI-ReloadPlugins/DEBUG] [END] Reloading Section: "reloadable-plugin/me.shedaniel.rei.plugin.client.runtime.PluginStageExecutionWatcher$1/DefaultClientPlugin [roughlyenoughitems]/" done in 6.400 μs
[10:53:22] [REI-ReloadPlugins/DEBUG] [END] Reloading Section: "reloadable-plugin/me.shedaniel.rei.plugin.client.runtime.PluginStageExecutionWatcher$1/DefaultClientRuntimePlugin [roughlyenoughitems]/"
[10:53:22] [REI-ReloadPlugins/DEBUG] [END] Reloading Section: "reloadable-plugin/me.shedaniel.rei.plugin.client.runtime.PluginStageExecutionWatcher$1/DefaultClientRuntimePlugin [roughlyenoughitems]/" done in 6.400 μs
[10:53:22] [REI-ReloadPlugins/DEBUG] [END] Reloading Section: "reloadable-plugin/me.shedaniel.rei.plugin.client.runtime.PluginStageExecutionWatcher$1/" done in 176.4 μs
[10:53:22] [REI-ReloadPlugins/DEBUG] [END] Reloading Section: "end-reload/"
[10:53:22] [REI-ReloadPlugins/DEBUG] [END] Reloading Section: "end-reload/EntryRendererRegistryImpl/"
[10:53:22] [REI-ReloadPlugins/DEBUG] [END] Reloading Section: "end-reload/EntryRendererRegistryImpl/" done in 5.000 μs
[10:53:22] [REI-ReloadPlugins/DEBUG] [END] Reloading Section: "end-reload/ViewsImpl/"
[10:53:22] [REI-ReloadPlugins/DEBUG] [END] Reloading Section: "end-reload/ViewsImpl/" done in 4.000 μs
[10:53:22] [REI-ReloadPlugins/DEBUG] [END] Reloading Section: "end-reload/SearchProviderImpl/"
[10:53:22] [REI-ReloadPlugins/DEBUG] [END] Reloading Section: "end-reload/SearchProviderImpl/" done in 4.100 μs
[10:53:22] [REI-ReloadPlugins/DEBUG] [END] Reloading Section: "end-reload/ConfigManagerImpl/"
[10:53:22] [REI-ReloadPlugins/DEBUG] [END] Reloading Section: "end-reload/ConfigManagerImpl/" done in 3.700 μs
[10:53:22] [REI-ReloadPlugins/DEBUG] [END] Reloading Section: "end-reload/EntryRegistryImpl/"
[10:53:22] [REI-ReloadPlugins/DEBUG] [END] Reloading Section: "end-reload/EntryRegistryImpl/" done in 4.100 μs
[10:53:22] [REI-ReloadPlugins/DEBUG] [END] Reloading Section: "end-reload/CategoryRegistryImpl/"
[10:53:22] [REI-ReloadPlugins/DEBUG] [END] Reloading Section: "end-reload/CategoryRegistryImpl/" done in 4.200 μs
[10:53:22] [REI-ReloadPlugins/DEBUG] [END] Reloading Section: "end-reload/DisplayRegistryImpl/"
[10:53:22] [REI-ReloadPlugins/DEBUG] [END] Reloading Section: "end-reload/DisplayRegistryImpl/" done in 12.11 ms
[10:53:22] [REI-ReloadPlugins/DEBUG] [END] Reloading Section: "end-reload/ScreenRegistryImpl/"
[10:53:22] [REI-ReloadPlugins/DEBUG] [END] Reloading Section: "end-reload/ScreenRegistryImpl/" done in 6.300 μs
[10:53:22] [REI-ReloadPlugins/DEBUG] [END] Reloading Section: "end-reload/FavoriteEntryTypeRegistryImpl/"
[10:53:22] [REI-ReloadPlugins/DEBUG] [END] Reloading Section: "end-reload/FavoriteEntryTypeRegistryImpl/" done in 3.600 μs
[10:53:22] [REI-ReloadPlugins/DEBUG] [END] Reloading Section: "end-reload/SubsetsRegistryImpl/"
[10:53:22] [REI-ReloadPlugins/DEBUG] [END] Reloading Section: "end-reload/SubsetsRegistryImpl/" done in 3.700 μs
[10:53:22] [REI-ReloadPlugins/DEBUG] [END] Reloading Section: "end-reload/TransferHandlerRegistryImpl/"
[10:53:22] [REI-ReloadPlugins/DEBUG] [END] Reloading Section: "end-reload/TransferHandlerRegistryImpl/" done in 3.700 μs
[10:53:22] [REI-ReloadPlugins/DEBUG] [END] Reloading Section: "end-reload/REIRuntimeImpl/"
[10:53:22] [REI-ReloadPlugins/DEBUG] [END] Reloading Section: "end-reload/REIRuntimeImpl/" done in 12.80 μs
[10:53:22] [REI-ReloadPlugins/DEBUG] [END] Reloading Section: "end-reload/me.shedaniel.rei.plugin.client.runtime.PluginStageExecutionWatcher$1/"
[10:53:22] [REI-ReloadPlugins/DEBUG] [END] Reloading Section: "end-reload/me.shedaniel.rei.plugin.client.runtime.PluginStageExecutionWatcher$1/" done in 8.100 μs
[10:53:22] [REI-ReloadPlugins/DEBUG] [END] Reloading Section: "end-reload/" done in 13.42 ms
[10:53:22] [REI-ReloadPlugins/INFO] Reloaded Plugin Manager [REIClientPlugin] with 1380 entries, 1597 displays, 1 display visibility predicates, 21 categories (Crafting, Smelting, Smoking, Blasting, Campfire, Stone Cutting, Fuel, Brewing, Composting, Stripping, Smithing, Anvil, Beacon Base, Beacon Payment, Tilling, Pathing, Waxing, Wax Scraping, Oxidizing, Oxidation Scraping, Information), 4 exclusion zones and 3 overlay deciders in 87ms.
[10:53:22] [REI-ReloadPlugins/DEBUG] [END] Reloading Section: "start-reload/"
[10:53:22] [REI-ReloadPlugins/DEBUG] [END] Reloading Section: "start-reload/MenuInfoRegistryImpl/"
[10:53:22] [REI-ReloadPlugins/DEBUG] [END] Reloading Section: "start-reload/MenuInfoRegistryImpl/" done in 9.500 μs
[10:53:22] [REI-ReloadPlugins/DEBUG] [END] Reloading Section: "start-reload/me.shedaniel.rei.plugin.client.runtime.PluginStageExecutionWatcher$1/"
[10:53:22] [REI-ReloadPlugins/DEBUG] [END] Reloading Section: "start-reload/me.shedaniel.rei.plugin.client.runtime.PluginStageExecutionWatcher$1/" done in 5.400 μs
[10:53:22] [REI-ReloadPlugins/DEBUG] [END] Reloading Section: "start-reload/" done in 176.6 μs
[10:53:22] [REI-ReloadPlugins/INFO] Reloading Plugin Manager [REIServerPlugin] stage [END], registered 3 plugins: DefaultRuntimePlugin [roughlyenoughitems], FabricFluidAPISupportPlugin, DefaultPlugin [roughlyenoughitems]
[10:53:22] [REI-ReloadPlugins/DEBUG] [END] Reloading Section: "reloadable-plugin/MenuInfoRegistryImpl/"
[10:53:22] [REI-ReloadPlugins/DEBUG] [END] Reloading Section: "reloadable-plugin/MenuInfoRegistryImpl/DefaultPlugin [roughlyenoughitems]/"
[10:53:22] [REI-ReloadPlugins/DEBUG] [END] Reloading Section: "reloadable-plugin/MenuInfoRegistryImpl/DefaultPlugin [roughlyenoughitems]/" done in 4.761 ms
[10:53:22] [REI-ReloadPlugins/DEBUG] [END] Reloading Section: "reloadable-plugin/MenuInfoRegistryImpl/FabricFluidAPISupportPlugin/"
[10:53:22] [REI-ReloadPlugins/DEBUG] [END] Reloading Section: "reloadable-plugin/MenuInfoRegistryImpl/FabricFluidAPISupportPlugin/" done in 8.900 μs
[10:53:22] [REI-ReloadPlugins/DEBUG] [END] Reloading Section: "reloadable-plugin/MenuInfoRegistryImpl/DefaultRuntimePlugin [roughlyenoughitems]/"
[10:53:22] [REI-ReloadPlugins/DEBUG] [END] Reloading Section: "reloadable-plugin/MenuInfoRegistryImpl/DefaultRuntimePlugin [roughlyenoughitems]/" done in 6.300 μs
[10:53:22] [REI-ReloadPlugins/DEBUG] [END] Reloading Section: "reloadable-plugin/MenuInfoRegistryImpl/" done in 5.123 ms
[10:53:22] [REI-ReloadPlugins/DEBUG] [END] Reloading Section: "reloadable-plugin/me.shedaniel.rei.plugin.client.runtime.PluginStageExecutionWatcher$1/"
[10:53:22] [REI-ReloadPlugins/DEBUG] [END] Reloading Section: "reloadable-plugin/me.shedaniel.rei.plugin.client.runtime.PluginStageExecutionWatcher$1/DefaultPlugin [roughlyenoughitems]/"
[10:53:22] [REI-ReloadPlugins/DEBUG] [END] Reloading Section: "reloadable-plugin/me.shedaniel.rei.plugin.client.runtime.PluginStageExecutionWatcher$1/DefaultPlugin [roughlyenoughitems]/" done in 4.300 μs
[10:53:22] [REI-ReloadPlugins/DEBUG] [END] Reloading Section: "reloadable-plugin/me.shedaniel.rei.plugin.client.runtime.PluginStageExecutionWatcher$1/FabricFluidAPISupportPlugin/"
[10:53:22] [REI-ReloadPlugins/DEBUG] [END] Reloading Section: "reloadable-plugin/me.shedaniel.rei.plugin.client.runtime.PluginStageExecutionWatcher$1/FabricFluidAPISupportPlugin/" done in 5.300 μs
[10:53:22] [REI-ReloadPlugins/DEBUG] [END] Reloading Section: "reloadable-plugin/me.shedaniel.rei.plugin.client.runtime.PluginStageExecutionWatcher$1/DefaultRuntimePlugin [roughlyenoughitems]/"
[10:53:22] [REI-ReloadPlugins/DEBUG] [END] Reloading Section: "reloadable-plugin/me.shedaniel.rei.plugin.client.runtime.PluginStageExecutionWatcher$1/DefaultRuntimePlugin [roughlyenoughitems]/" done in 5.200 μs
[10:53:22] [REI-ReloadPlugins/DEBUG] [END] Reloading Section: "reloadable-plugin/me.shedaniel.rei.plugin.client.runtime.PluginStageExecutionWatcher$1/" done in 245.9 μs
[10:53:22] [REI-ReloadPlugins/DEBUG] [END] Reloading Section: "end-reload/"
[10:53:22] [REI-ReloadPlugins/DEBUG] [END] Reloading Section: "end-reload/MenuInfoRegistryImpl/"
[10:53:22] [REI-ReloadPlugins/DEBUG] [END] Reloading Section: "end-reload/MenuInfoRegistryImpl/" done in 3.700 μs
[10:53:22] [REI-ReloadPlugins/DEBUG] [END] Reloading Section: "end-reload/me.shedaniel.rei.plugin.client.runtime.PluginStageExecutionWatcher$1/"
[10:53:22] [REI-ReloadPlugins/DEBUG] [END] Reloading Section: "end-reload/me.shedaniel.rei.plugin.client.runtime.PluginStageExecutionWatcher$1/" done in 4.500 μs
[10:53:22] [REI-ReloadPlugins/DEBUG] [END] Reloading Section: "end-reload/" done in 123.2 μs
[10:53:22] [REI-ReloadPlugins/INFO] Reloaded Plugin Manager [REIServerPlugin] with 4 menu infos in 6ms.
[10:53:22] [REI-ReloadPlugins/DEBUG] [END] Reloading Section: "post-register/"
[10:53:22] [REI-ReloadPlugins/DEBUG] [END] Reloading Section: "post-register/DefaultClientPlugin [roughlyenoughitems]/"
[10:53:22] [REI-ReloadPlugins/DEBUG] [END] Reloading Section: "post-register/DefaultClientPlugin [roughlyenoughitems]/" done in 4.100 μs
[10:53:22] [REI-ReloadPlugins/DEBUG] [END] Reloading Section: "post-register/DefaultPlugin [roughlyenoughitems]/"
[10:53:22] [REI-ReloadPlugins/DEBUG] [END] Reloading Section: "post-register/DefaultPlugin [roughlyenoughitems]/" done in 3.500 μs
[10:53:22] [REI-ReloadPlugins/DEBUG] [END] Reloading Section: "post-register/FabricFluidAPISupportPlugin/"
[10:53:22] [REI-ReloadPlugins/DEBUG] [END] Reloading Section: "post-register/FabricFluidAPISupportPlugin/" done in 3.400 μs
[10:53:22] [REI-ReloadPlugins/DEBUG] [END] Reloading Section: "post-register/DefaultClientRuntimePlugin [roughlyenoughitems]/"
[10:53:22] [REI-ReloadPlugins/DEBUG] [END] Reloading Section: "post-register/DefaultClientRuntimePlugin [roughlyenoughitems]/" done in 3.200 μs
[10:53:22] [REI-ReloadPlugins/DEBUG] [END] Reloading Section: "post-register/DefaultRuntimePlugin [roughlyenoughitems]/"
[10:53:22] [REI-ReloadPlugins/DEBUG] [END] Reloading Section: "post-register/DefaultRuntimePlugin [roughlyenoughitems]/" done in 3.100 μs
[10:53:22] [REI-ReloadPlugins/DEBUG] [END] Reloading Section: "post-register/" done in 335.5 μs
[10:53:22] [REI-ReloadPlugins/DEBUG] [END] Reloading Section: "post-register/"
[10:53:22] [REI-ReloadPlugins/DEBUG] [END] Reloading Section: "post-register/DefaultClientPlugin [roughlyenoughitems]/"
[10:53:22] [REI-ReloadPlugins/DEBUG] [END] Reloading Section: "post-register/DefaultClientPlugin [roughlyenoughitems]/" done in 3.700 μs
[10:53:22] [REI-ReloadPlugins/DEBUG] [END] Reloading Section: "post-register/DefaultClientRuntimePlugin [roughlyenoughitems]/"
[10:53:22] [REI-ReloadPlugins/DEBUG] [END] Reloading Section: "post-register/DefaultClientRuntimePlugin [roughlyenoughitems]/" done in 3.300 μs
[10:53:22] [REI-ReloadPlugins/DEBUG] [END] Reloading Section: "post-register/" done in 130.9 μs
[10:53:22] [REI-ReloadPlugins/DEBUG] [END] Reloading Section: "post-register/"
[10:53:22] [REI-ReloadPlugins/DEBUG] [END] Reloading Section: "post-register/DefaultPlugin [roughlyenoughitems]/"
[10:53:22] [REI-ReloadPlugins/DEBUG] [END] Reloading Section: "post-register/DefaultPlugin [roughlyenoughitems]/" done in 3.700 μs
[10:53:22] [REI-ReloadPlugins/DEBUG] [END] Reloading Section: "post-register/FabricFluidAPISupportPlugin/"
[10:53:22] [REI-ReloadPlugins/DEBUG] [END] Reloading Section: "post-register/FabricFluidAPISupportPlugin/" done in 3.800 μs
[10:53:22] [REI-ReloadPlugins/DEBUG] [END] Reloading Section: "post-register/DefaultRuntimePlugin [roughlyenoughitems]/"
[10:53:22] [REI-ReloadPlugins/DEBUG] [END] Reloading Section: "post-register/DefaultRuntimePlugin [roughlyenoughitems]/" done in 3.100 μs
[10:53:22] [REI-ReloadPlugins/DEBUG] [END] Reloading Section: "post-register/" done in 188.8 μs
[10:53:22] [Render thread/INFO] Refreshing cached entry list texture...
[10:53:22] [Render thread/INFO] Refreshing cached entry list texture...
